New model:
f      0    0    0  1.552746266133
f      0    0    0  1.960004882398
f      0    0    0  40.883991336966
f      0    2    0  51058.512683649591
f      0    3    0  1962.185333614596
f      0    4    0  4016.448005433327
f      0    5    0  1197.873009989942
f      0    6    0  -4302.129999783031
f      0    7    0  -1746.048302578582
f      0    8    0  1511.842698493431

Grid of energies:
  1.85125628   1.55275000 180.00000000  10367.742477281119 10367.776076825090 -0.033599543971
  1.36080402   1.55275000 180.00000000  10627.575494285868 10627.791790864798 -0.216296578930
  1.85929648   1.55275000 180.00000000  10786.011507501784 10785.977160125787 0.034347375997
  1.86733668   1.55275000 180.00000000  11206.113723858769 11206.044519552332 0.069204306437
  1.87537688   1.55275000 180.00000000  11627.776061708313 11627.697987734093 0.078073974220
  1.35276382   1.55275000 180.00000000  11726.985528180725 11726.903920072613 0.081608108112
  1.88341709   1.55275000 180.00000000  12050.735796096045 12050.668668990485 0.067127105560
  1.89145729   1.55275000 180.00000000  12474.740154598998 12474.696544384853 0.043610214145
  1.34472362   1.55275000 180.00000000  12899.001594669508 12898.828465285838 0.173129383669
  1.89949749   1.55275000 180.00000000  12899.545948703468 12899.533347232720 0.012601470748
  1.90753769   1.55275000 180.00000000  13324.919224152303 13324.940185722240 -0.020961569937
  1.91557789   1.55275000 180.00000000  13750.634930666534 13750.687800402451 -0.052869735917
  1.33668342   1.55275000 180.00000000  14146.521947843927 14146.400584727769 0.121363116157
  1.92361809   1.55275000 180.00000000  14176.476611405980 14176.556302472927 -0.079691066947
  1.93165829   1.55275000 180.00000000  14602.236112480068 14602.334917803104 -0.098805323036
  1.93969849   1.55275000 180.00000000  15027.713312756019 15027.821736355410 -0.108423599391
  1.94773869   1.55275000 180.00000000  15452.715874134854 15452.823466731264 -0.107592596411
  1.32864322   1.55275000 180.00000000  15472.545507693987 15472.544019055385 0.001488638602
  1.95577889   1.55275000 180.00000000  15877.059012379377 15877.155195600013 -0.096183220636
  1.96381910   1.55275000 180.00000000  16300.565288481104 16300.640677918409 -0.075389437305
  1.97185930   1.55275000 180.00000000  16723.064420446983 16723.109999730917 -0.045579283935
  1.32060302   1.55275000 180.00000000  16880.174514272996 16880.279994694978 -0.105480421982
  1.97989950   1.55275000 180.00000000  17144.393115273033 17144.402511716838 -0.009396443806
  1.98793970   1.55275000 180.00000000  17564.394920748844 17564.364498264695 0.030422484149
  1.99597990   1.55275000 180.00000000  17982.920096609490 17982.849486103947 0.070610505543
  1.31256281   1.55275000 180.00000000  18372.617188919732 18372.741916317591 -0.124727397859
  2.00402010   1.55275000 180.00000000  18399.825504417480 18399.718029726762 0.107474690718
  2.01206030   1.55275000 180.00000000  18814.974515418504 18814.837500806552 0.137014611952
  2.02010050   1.55275000 180.00000000  19228.236935475343 19228.081881560829 0.155053914514
  2.02814070   1.55275000 180.00000000  19639.488946039874 19639.331562017218 0.157384022656
  1.30452261   1.55275000 180.00000000  19953.190405754813 19953.185746786428 0.004658968384
  2.03618090   1.55275000 180.00000000  20048.613059980882 20048.473141149901 0.139918830981
  2.04422111   1.55275000 180.00000000  20455.498090942787 20455.399736555082 0.098354387705
  2.05226131   1.55275000 180.00000000  20860.039134770363 20860.008771539440 0.030363230922
  2.06030151   1.55275000 180.00000000  21262.137561397649 21262.204824612098 -0.067263214449
  1.29648241   1.55275000 180.00000000  21625.322378915174 21625.025732307724 0.296646607450
  2.06834171   1.55275000 180.00000000  21661.701015469574 21661.897418532706 -0.196403063132
  2.07638191   1.55275000 180.00000000  22058.643423837580 22059.001348024678 -0.357924187098
  2.08442211   1.55275000 180.00000000  22452.885007956706 22453.436503751193 -0.551495794487
  2.09246231   1.55275000 180.00000000  22844.352299102287 22845.127700058016 -0.775400955728
  2.10050251   1.55275000 180.00000000  23232.978154228982 23234.004506473750 -1.026352244768
  1.28844221   1.55275000 180.00000000  23392.555373648593 23391.860295515053 0.695078133540
  2.10854271   1.55275000 180.00000000  23618.701770211112 23620.001082956060 -1.299312744948
  2.11658291   1.55275000 180.00000000  24001.468694132000 24003.056018872059 -1.587324740060
  2.12462312   1.55275000 180.00000000  24381.230827235901 24383.112646506353 -1.881819270453
  2.13266332   1.55275000 180.00000000  24757.946420115379 24760.117000407405 -2.170580292026
  2.14070352   1.55275000 180.00000000  25131.580056687351 25134.020503745087 -2.440447057736
  1.28040201   1.55275000 180.00000000  25258.548452510884 25257.518041294046 1.030411216838
  2.14874372   1.55275000 180.00000000  25502.102624505729 25504.777927474443 -2.675302968713
  2.15678392   1.55275000 180.00000000  25869.491268977257 25872.347722301110 -2.856453323853
  2.16482412   1.55275000 180.00000000  26233.729329082402 26236.691879689788 -2.962550607386
  2.17286432   1.55275000 180.00000000  26594.806252262955 26597.775796457980 -2.969544195024
  2.18090452   1.55275000 180.00000000  26952.717486218178 26955.568142923712 -2.850656705534
  1.27236181   1.55275000 180.00000000  27227.080271533454 27226.115876877582 0.964394655872
  2.18894472   1.55275000 180.00000000  27307.464345453980 27310.040734572307 -2.576389118327
  2.19698492   1.55275000 180.00000000  27659.053850557397 27661.168407205907 -2.114556648510
  2.20502513   1.55275000 180.00000000  28007.498538316930 28008.929325960777 -1.430787643847
  2.21306533   1.55275000 180.00000000  28352.816240983160 28353.303141378714 -0.486900395554
  2.22110553   1.55275000 180.00000000  28695.029833161530 28694.273469957432 0.756363204098
  2.22914573   1.55275000 180.00000000  29034.166945047244 29031.826048485647 2.340896561596
  1.26432161   1.55275000 180.00000000  29302.051945420739 29302.134621660098 -0.082676239359
  2.23718593   1.55275000 180.00000000  29370.259640957633 29365.949060593859 4.310580363774
  2.24522613   1.55275000 180.00000000  29703.344062379070 29696.633031892372 6.711030486698
  2.25326633   1.55275000 180.00000000  30033.460035035107 30023.870728270842 9.589306764265
