 0  0 0 0 e  0     0.000000000 0.000e+00 1233    1     0.000000 0.000000
 0  0 0 0 e  2     0.654706804 1.862e-05   25    1     0.654758 0.000051
 0  0 0 0 e  4     2.182361347 3.436e-05   29    1     2.182523 0.000162
 0  0 0 0 e  6     4.583103085 5.137e-05   37    1     4.583287 0.000184
 0  0 0 0 e  8     7.856854164 6.889e-05   42    1     7.857039 0.000185
 0  0 0 0 e 10    12.003562632 9.015e-05   43    1    12.003760 0.000197
 0  0 0 0 e 12    17.023231708 1.146e-04   44    1    17.023429 0.000197
 0  0 0 0 e 14    22.915814696 1.388e-04   46    1    22.916021 0.000206
 0  0 0 0 e 16    29.681277718 1.604e-04   44    1    29.681505 0.000227
 0  0 0 0 e 18    37.319587303 1.792e-04   44    1    37.319845 0.000258
 0  0 0 0 e 20    45.830710347 1.992e-04   46    1    45.831003 0.000293
 0  0 0 0 e 22    55.214615363 2.186e-04   46    1    55.214934 0.000319
 0  0 0 0 e 24    65.471240807 2.388e-04   47    1    65.471590 0.000349
 0  1 1 0 e  1   396.207954509 5.325e-05    9    1   396.106712 0.101243
 0  1 1 0 f  2   396.644832900 1.448e-04   12    1   396.544223 0.100610
 0  1 1 0 e  3   397.300766110 4.766e-05   17    1   397.200488 0.100278
 0  1 1 0 f  4   398.176520004 8.764e-05   18    1   398.075506 0.101014
 0  1 1 0 e  5   399.268048496 5.639e-05   23    1   399.169277 0.098771
 0  1 1 0 f  6   400.582766027 9.454e-05   18    1   400.481799 0.100967
 0  1 1 0 e  7   402.109873520 6.956e-05   26    1   402.013070 0.096804
 0  1 1 0 f  8   403.864157584 1.041e-04   19    1   403.763089 0.101069
 0  1 1 0 e  9   405.826059095 8.454e-05   30    1   405.731853 0.094206
 0  1 1 0 f 10   408.020441685 1.184e-04   16    1   407.919358 0.101084
 0  1 1 0 e 11   410.416427101 1.036e-04   28    1   410.325604 0.090823
 0  1 1 0 f 12   413.051851059 1.390e-04   23    1   412.950586 0.101265
 0  1 1 0 e 13   415.881518903 1.274e-04   31    1   415.794300 0.087219
 0  1 1 0 f 14   418.958053653 1.583e-04   24    1   418.856744 0.101310
 0  1 1 0 e 15   422.220524188 1.488e-04   31    1   422.137913 0.082611
 0  1 1 0 f 16   425.739090292 1.770e-04   23    1   425.637803 0.101287
 0  1 1 0 e 17   429.433935255 1.686e-04   32    1   429.356408 0.077527
 0  1 1 0 f 18   433.394783243 1.937e-04   26    1   433.293725 0.101058
 0  1 1 0 e 19   437.521577599 1.886e-04   35    1   437.449749 0.071829
 0  1 1 0 f 20   441.925534988 2.128e-04   24    1   441.824472 0.101063
 0  1 1 0 e 21   446.483348888 2.097e-04   33    1   446.417891 0.065458
 0  1 1 0 f 22   451.331124388 2.308e-04   25    1   451.229999 0.101125
 0  1 1 0 e 23   456.319305528 2.281e-04   33    1   456.260789 0.058517
 0  1 1 0 f 24   461.611393495 2.497e-04   25    1   461.510254 0.101139
 0  1 1 0 e 25   467.029346017 2.466e-04   32    1   466.928194 0.101152
 1  0 0 0 e  0   658.000039406 2.013e-04    2    3   658.019471 0.019432
 1  0 0 0 e  2   658.653624107 1.479e-04   13    2   658.673298 0.019674
 1  0 0 0 e  4   660.179072251 1.472e-04   12    2   660.198890 0.019818
 1  0 0 0 e  6   662.576512913 1.496e-04   18    2   662.596240 0.019727
 1  0 0 0 e  8   665.845416138 1.544e-04   20    2   665.865335 0.019919
 1  0 0 0 e 10   669.986528261 1.611e-04   21    2   670.006157 0.019629
 1  0 0 0 e 12   674.999044231 1.713e-04   21    2   675.018685 0.019641
 1  0 0 0 e 14   680.883167543 1.854e-04   25    2   680.902892 0.019724
 1  0 0 0 e 16   687.638776754 2.008e-04   22    2   687.658746 0.019969
 1  0 0 0 e 18   695.266217763 2.155e-04   24    2   695.286212 0.019994
 1  0 0 0 e 20   703.765344355 2.311e-04   24    2   703.785249 0.019905
 1  0 0 0 e 22   713.135883103 2.481e-04   21    2   713.155813 0.019930
 1  0 0 0 e 24   723.377883777 2.635e-04   24    2   723.397853 0.019969
 0  2 2 0 f  3   793.699672090 8.991e-04    4    1   793.530589 0.169083
 0  2 2 0 e  4   794.576288599 2.214e-03    6    1   794.406992 0.169297
 0  2 2 0 f  5   795.672033605 6.115e-04   10    1   795.502494 0.169540
 0  2 2 0 e  6   796.987727658 7.767e-04    6    1   796.817094 0.170634
 0  2 2 0 f  7   798.521209123 6.124e-04   10    1   798.350788 0.170421
 0  2 2 0 e  8   800.274955772 7.761e-04   10    1   800.103576 0.171380
 0  2 0 0 e  0   801.868052067 4.488e-04    1    5   801.719155 0.148897
 0  2 2 0 f  9   802.245630849 1.052e-03    8    1   802.075456 0.170175
 0  2 0 0 e  2   802.523773433 8.679e-04    5    4   802.376121 0.147652
 0  2 0 0 e  4   804.056725807 8.906e-04    6    4   803.909039 0.147687
 0  2 2 0 e 10   804.438010704 7.737e-04    8    1   804.266423 0.171588
 0  2 0 0 e  6   806.465131414 4.119e-04    9    4   806.317901 0.147230
 0  2 2 0 f 11   806.847086047 6.164e-04   12    1   806.676477 0.170609
 0  2 2 0 e 12   809.477135373 7.700e-04    9    1   809.305612 0.171523
 0  2 0 0 e  8   809.749871992 4.136e-04   12    4   809.602696 0.147176
 0  2 2 0 f 13   812.324419720 6.252e-04   12    1   812.153826 0.170594
 0  2 0 0 e 10   813.910706363 4.162e-04   10    4   813.763407 0.147299
 0  2 2 0 e 14   815.392473220 7.600e-04   15    1   815.221116 0.171357
 0  2 2 0 f 15   818.677743767 1.034e-03   11    1   818.507476 0.170268
 0  2 0 0 e 12   818.947910045 4.267e-04   12    4   818.800012 0.147898
 0  2 2 0 e 16   822.183663948 7.526e-04   11    1   822.012902 0.170762
 0  2 0 0 e 14   824.860671123 5.832e-04   10    4   824.712489 0.148182
 0  2 2 0 f 17   825.907184767 6.299e-04   13    1   825.737391 0.169794
 0  2 2 0 e 18   829.850876778 7.320e-04   13    1   829.680936 0.169941
 0  2 0 0 e 16   831.647876269 4.410e-04   13    4   831.500806 0.147070
 0  2 2 0 f 19   834.012632875 6.348e-04   11    1   833.843533 0.169100
 0  2 2 0 e 20   838.394451185 6.704e-04   14    1   838.225176 0.169275
 0  2 0 0 e 18   839.312058731 4.412e-04   14    4   839.164930 0.147129
 0  2 2 0 f 21   842.994435295 8.664e-04   13    1   842.825859 0.168576
 0  2 2 0 e 22   847.814152766 6.384e-04   10    1   847.645576 0.168577
 0  2 0 0 e 20   847.852291922 4.495e-04   14    4   847.704823 0.147469
 0  2 2 0 f 23   852.851951619 6.539e-04   13    1   852.684321 0.167631
 0  2 0 0 e 22   857.268370025 4.589e-04   13    4   857.120444 0.147926
 0  2 2 0 e 24   858.109719399 6.516e-04   13    1   857.942087 0.167632
 0  2 2 0 f 25   863.585779953 6.539e-04   11    1   863.418866 0.166914
 0  2 0 0 e 24   867.559843173 4.678e-04   12    4   867.411744 0.148099
 1  1 1 0 e  1  1046.672899902 7.000e-05    2    2  1046.600935 0.071965
 1  1 1 0 f  2  1047.110418398 1.061e-03    2    2  1047.037986 0.072432
 1  1 1 0 e  3  1047.764657504 7.380e-05    6    2  1047.693563 0.071095
 1  1 1 0 f  4  1048.639640356 8.933e-05    5    2  1048.567664 0.071976
 1  1 1 0 e  5  1049.729761264 8.050e-05    4    2  1049.660289 0.069472
 1  1 1 0 f  6  1051.043513795 9.818e-05    4    2  1050.971434 0.072080
 1  1 1 0 e  7  1052.568281697 9.021e-05    5    2  1052.501100 0.067182
 1  1 1 0 f  8  1054.321278805 1.093e-04    4    2  1054.249283 0.071996
 1  1 1 0 e  9  1056.280218702 1.022e-04    6    2  1056.215982 0.064237
 1  1 1 0 f 10  1058.473218484 1.246e-04    5    2  1058.401193 0.072025
 1  1 1 0 e 11  1060.865515355 1.184e-04    7    2  1060.804913 0.060602
 1  1 1 0 f 12  1063.499332984 1.970e-04    9    2  1063.427140 0.072193
 1  1 1 0 e 13  1066.324193863 1.486e-04   13    2  1066.267870 0.056324
 1  1 1 0 f 14  1069.398985308 2.127e-04    6    2  1069.327099 0.071886
 1  1 1 0 e 15  1072.655923197 1.704e-04    7    2  1072.604822 0.051101
 1  1 1 0 f 16  1076.172925592 2.062e-04    9    2  1076.101036 0.071890
 1  1 1 0 e 17  1079.862651599 2.761e-04   10    2  1079.815735 0.046917
 1  1 1 0 f 18  1083.821022270 2.211e-04    8    2  1083.748914 0.072108
 1  1 1 0 e 19  1087.940928858 2.393e-04    8    2  1087.900568 0.040361
 1  1 1 0 f 20  1092.342536334 2.497e-04    8    2  1092.270692 0.071844
 1  1 1 0 e 21  1096.891065639 2.243e-04   10    2  1096.859279 0.031787
 1  1 1 0 f 22  1101.738092873 2.693e-04    9    2  1101.666323 0.071770
 1  1 1 0 e 23  1106.715943492 2.399e-04    9    2  1106.691818 0.024125
 1  1 1 0 f 24  1112.007944046 2.881e-04   10    2  1111.935756 0.072188
 1  1 1 0 e 25  1117.414025685 2.622e-04    8    2  1117.341824 0.072202
 0  3 3 0 f  8  1197.089409123 1.049e-03    1    3  1196.908506 0.180903
 0  3 3 0 e  9  1199.065883238 1.515e-03    3    3  1198.884178 0.181705
 0  3 3 0 f 10  1201.261830849 1.354e-03    2    3  1201.079360 0.182471
 0  3 3 0 f 12  1206.309602884 1.052e-03    3    3  1206.128239 0.181364
 0  3 1 0 e  1  1207.095679312 1.200e-04    3    3  1207.015085 0.080594
 0  3 1 0 f  2  1207.536096880 6.648e-04    3    3  1207.454040 0.082057
 0  3 1 0 e  3  1208.191444318 6.066e-04    4    4  1208.112472 0.078972
 0  3 1 0 f  4  1209.073340926 4.897e-04    3    4  1208.990379 0.082962
 0  3 3 0 e 13  1209.164473220 1.140e-03    3    3  1208.981930 0.182543
 0  3 1 0 e  5  1210.162710481 5.170e-04    3    4  1210.087761 0.074949
 0  3 1 0 f  6  1211.486392085 3.842e-04    3    4  1211.404617 0.081775
 0  3 1 0 e  7  1213.014523556 6.903e-04    8    4  1212.940944 0.073580
 0  3 1 0 f  8  1214.779428227 1.846e-03    4    4  1214.696741 0.082687
 0  3 3 0 e 15  1215.528573220 1.140e-03    2    3  1215.347794 0.180779
 0  3 1 0 e  9  1216.740092141 1.412e-04    5    4  1216.672005 0.068087
 0  3 1 0 f 10  1218.948445436 7.020e-04    4    4  1218.866734 0.081711
 0  3 3 0 f 16  1219.041543767 1.339e-03    1    3  1218.859959 0.181585
 0  3 1 0 e 11  1221.342458647 2.812e-04    7    4  1221.280925 0.061534
 0  3 1 0 f 12  1223.996144893 1.066e-03    5    4  1223.914575 0.081570
 0  3 3 0 f 18  1226.723417242 1.131e-03    4    3  1226.542729 0.180688
 0  3 1 0 e 13  1226.822242033 1.897e-04    7    4  1226.767680 0.054562
 0  3 1 0 f 14  1229.922313418 4.404e-04    5    4  1229.840237 0.082076
 0  3 1 0 e 15  1233.178226449 1.810e-04    6    4  1233.132242 0.045984
 0  3 3 0 f 20  1235.283775664 1.101e-03    3    3  1235.103385 0.180391
 0  3 1 0 f 16  1236.725753681 8.383e-04    5    4  1236.643691 0.082063
 0  3 3 0 e 21  1239.895751185 1.083e-03    4    3  1239.712906 0.182845
 0  3 1 0 e 17  1240.411098092 3.302e-04    8    4  1240.374579 0.036519
 0  3 1 0 f 18  1244.406424841 4.072e-04    4    4  1244.324901 0.081524
 0  3 3 0 f 22  1244.721058191 1.074e-03    4    3  1244.541879 0.179179
 0  3 1 0 e 19  1248.520300293 2.715e-04    9    4  1248.494653 0.025647
 0  3 3 0 e 23  1249.772851185 1.761e-03    2    3  1249.590300 0.182551
 0  3 1 0 f 20  1252.965358965 9.903e-04    5    4  1252.883828 0.081531
 0  3 3 0 f 24  1255.037451052 1.074e-03    5    3  1254.858160 0.179291
 0  3 1 0 e 21  1257.505867263 2.409e-04    9    4  1257.492422 0.013445
 0  3 3 0 e 25  1260.528851185 2.380e-03    3    3  1260.345452 0.183399
 0  3 1 0 f 22  1262.401170391 6.206e-04    7    4  1262.320428 0.080742
 0  3 1 0 e 23  1267.368087021 2.919e-04    7    4  1267.367840 0.000247
 0  3 1 0 f 24  1272.716006340 8.556e-04    3    4  1272.634652 0.081354
 0  3 1 0 e 25  1278.106683486 3.949e-04    7    4  1278.025629 0.081054
 2  0 0 0 e  0  1313.693944213 1.000e-03    1    9  1313.720731 0.026787
 2  0 0 0 e  2  1314.346744213 1.000e-03    1    5  1314.373689 0.026945
 2  0 0 0 e  4  1315.871395044 1.001e-03    1    5  1315.897253 0.025858
 2  0 0 0 e  6  1318.264695044 1.001e-03    1    5  1318.291416 0.026721
 2  0 0 0 e  8  1321.526886225 3.117e-03    3    5  1321.556164 0.029278
 2  0 0 0 e 10  1325.667213513 3.405e-04    2    5  1325.691479 0.024265
 2  0 0 0 e 12  1330.669978969 1.006e-03    2    5  1330.697339 0.027360
 2  0 0 0 e 14  1336.547047430 1.009e-03    2    5  1336.573716 0.026669
 2  0 0 0 e 16  1343.293891209 1.012e-03    1    5  1343.320578 0.026687
 2  0 0 0 e 18  1350.911819133 3.575e-04    5    5  1350.937888 0.026069
 2  0 0 0 e 20  1359.397880543 3.667e-04    2    5  1359.425604 0.027723
 2  0 0 0 e 22  1368.756119956 3.686e-04    3    5  1368.783679 0.027559
 2  0 0 0 e 24  1378.984975263 3.806e-04    3    5  1379.012063 0.027088
 1  2 2 0 e  8  1444.086855772 1.613e-03    1    2  1443.960057 0.126799
 1  2 0 0 e  0  1447.075744213 4.002e-04    1   11  1446.997173 0.078571
 1  2 0 0 e  2  1447.732424182 4.002e-04    2    7  1447.653442 0.078982
 1  2 2 0 e 10  1448.246773220 2.889e-03    1    2  1448.119364 0.127409
 1  2 0 0 e  4  1449.263901438 1.555e-03    4    7  1449.184732 0.079169
 1  2 0 0 e  6  1451.669545520 4.029e-04    3    7  1451.591036 0.078510
 1  2 2 0 e 12  1453.281673220 1.594e-03    2    2  1453.154265 0.127408
 1  2 0 0 e  8  1454.951429205 4.053e-04    4    7  1454.872343 0.079086
 1  2 0 0 e 10  1459.108394075 9.118e-04    3    7  1459.028634 0.079760
 1  2 0 0 e 12  1464.137838197 5.882e-04    3    7  1464.059889 0.077949
 1  2 0 0 e 14  1470.044840433 4.210e-04    4    7  1469.966083 0.078757
 1  2 0 0 e 16  1476.825865514 4.291e-04    3    7  1476.747186 0.078680
 1  2 0 0 e 18  1484.481726418 6.469e-04    4    7  1484.403162 0.078564
 1  2 0 0 e 20  1493.012895895 4.450e-04    3    7  1492.933974 0.078922
 1  2 0 0 e 22  1502.418593190 5.322e-04    5    7  1502.339578 0.079015
 1  2 0 0 e 24  1512.698605987 8.886e-04    4    7  1512.619927 0.078679
 0  0 0 1 e  1  1535.573052067 1.773e-04    8    4  1535.554049 0.019003
 0  0 0 1 e  3  1536.657590048 1.637e-03    4    5  1536.638204 0.019386
 0  0 0 1 e  5  1538.608467488 5.737e-04    7    5  1538.589677 0.018790
 0  0 0 1 e  7  1541.427222885 6.340e-04    8    5  1541.408458 0.018765
 0  0 0 1 e  9  1545.113351371 4.396e-04    8    5  1545.094533 0.018818
 0  0 0 1 e 11  1549.667070908 6.656e-04    8    5  1549.647881 0.019190
 0  0 0 1 e 13  1555.087090686 4.240e-04   10    5  1555.068480 0.018611
 0  0 0 1 e 15  1561.375116303 8.632e-04    8    5  1561.356300 0.018816
 0  0 0 1 e 17  1568.529160885 4.171e-04    8    5  1568.511310 0.017851
 0  0 0 1 e 19  1576.551309643 5.600e-04    8    5  1576.533471 0.017839
 0  0 0 1 e 21  1585.440370872 3.080e-04    6    5  1585.422742 0.017629
 0  0 0 1 e 23  1595.197896523 9.735e-04    8    5  1595.179077 0.018820
 0  0 0 1 e 25  1605.819969306 8.846e-04    9    5  1605.802425 0.017544
 2  1 1 0 e  1  1694.789540781 5.061e-04    1    4  1694.731581 0.057960
 2  1 1 0 e  3  1695.880440781 5.061e-04    1    5  1695.823188 0.057253
 2  1 1 0 f  4  1696.754947707 5.201e-04    2    5  1696.696471 0.058477
 2  1 1 0 e  5  1697.842140604 5.060e-04    1    5  1697.788074 0.054067
 2  1 1 0 f  6  1699.156070872 5.199e-04    2    5  1699.097993 0.058078
 2  1 1 0 e  7  1700.677652103 5.073e-04    2    5  1700.626227 0.051425
 2  1 1 0 f  8  1702.429752705 5.209e-04    1    5  1702.372775 0.056978
 2  1 1 0 e  9  1704.387140142 5.094e-04    2    5  1704.337633 0.049507
 2  1 1 0 f 10  1706.579035349 5.223e-04    2    5  1706.520798 0.058237
 2  1 1 0 e 11  1708.967141813 5.120e-04    1    5  1708.922268 0.044874
 2  1 1 0 f 12  1711.601401274 5.253e-04    2    5  1711.542039 0.059362
 2  1 1 0 e 13  1714.420842601 5.159e-04    2    5  1714.380108 0.040735
 2  1 1 0 f 14  1717.494243661 6.819e-04    2    5  1717.436470 0.057774
 2  1 1 0 e 15  1720.744885257 5.216e-04    2    5  1720.711121 0.033764
 2  1 1 0 f 16  1724.262139715 5.350e-04    2    5  1724.204056 0.058084
 2  1 1 0 e 17  1727.943521354 5.276e-04    1    5  1727.915270 0.028251
 2  1 1 0 f 18  1731.902606343 5.407e-04    1    5  1731.844759 0.057847
 2  1 1 0 e 19  1736.013624745 5.339e-04    1    5  1735.992515 0.021110
 2  1 1 0 f 20  1740.415834747 5.536e-04    1    5  1740.358535 0.057300
 2  1 1 0 e 21  1744.955748724 5.414e-04    2    5  1744.942810 0.012939
 2  1 1 0 f 22  1749.803912711 5.534e-04    2    5  1749.745335 0.058578
 2  1 1 0 e 23  1754.770299117 5.496e-04    2    5  1754.766103 0.004196
 2  1 1 0 f 24  1760.063428789 1.133e-03    2    5  1760.005107 0.058322
 2  1 1 0 e 25  1765.455989968 5.570e-04    1    6  1765.398987 0.057003
 1  3 1 0 f  2  1847.382476452 2.876e-03    1    6  1847.400278 0.017802
 1  3 1 0 e  5  1850.011827101 5.270e-03    1    8  1850.027894 0.016067
 1  3 1 0 e  7  1852.857527101 4.186e-03    2    8  1852.874462 0.016935
 1  3 1 0 f  8  1854.612757584 2.876e-03    1    8  1854.626188 0.013430
 1  3 1 0 e  9  1856.579427101 2.875e-03    2    8  1856.596872 0.017445
 1  3 1 0 f 10  1858.784396372 2.877e-03    1    8  1858.786513 0.002117
 1  3 1 0 e 11  1861.177718903 2.876e-03    1    8  1861.195106 0.017387
 1  3 1 0 f 12  1863.829396372 2.877e-03    1    8  1863.822649 0.006747
 1  3 1 0 e 15  1873.000671545 2.876e-03    1    8  1873.018941 0.018269
 1  3 1 0 f 16  1876.549053653 2.879e-03    1    7  1876.565190 0.016136
 1  3 1 0 e 17  1880.226735255 2.878e-03    1    8  1880.244480 0.017745
 1  3 1 0 f 18  1884.222149664 2.881e-03    1    7  1884.239634 0.017484
 1  3 1 0 f 20  1892.774653815 2.881e-03    2    7  1892.791018 0.016364
 1  3 1 0 e 21  1897.304863244 2.880e-03    1    8  1897.322611 0.017748
 1  3 1 0 f 22  1902.206558941 2.883e-03    1    7  1902.219297 0.012738
 1  3 1 0 e 23  1907.156892266 2.883e-03    2    8  1907.175113 0.018221
 1  3 1 0 f 24  1912.510758941 2.883e-03    1    7  1912.524420 0.013661
 1  3 1 0 e 25  1917.883948920 2.883e-03    2    8  1917.903171 0.019222
 0  1 1 1 f  1  1925.100618398 1.781e-03    1    1  1924.960142 0.140476
 0  1 1 1 e  2  1925.535919470 3.791e-04    2    4  1925.394819 0.141100
 0  1 1 1 f  3  1926.188818398 2.830e-04    4    4  1926.046834 0.141984
 0  1 1 1 e  4  1927.057048827 7.938e-04    4    5  1926.916186 0.140863
 0  1 1 1 f  5  1928.144666506 6.728e-04    2    5  1928.002873 0.141794
 0  1 1 1 e  6  1929.444186541 4.853e-04    4    5  1929.306895 0.137292
 0  1 1 1 f  7  1930.968531239 2.508e-04    2    5  1930.828250 0.140281
 0  1 1 1 e  8  1932.701823527 3.780e-04    2    5  1932.566936 0.134888
 0  1 1 1 f  9  1934.664132078 6.839e-04    3    5  1934.522949 0.141183
 0  1 1 1 e 10  1936.829280421 4.544e-04    5    5  1936.696289 0.132991
 0  1 1 1 f 11  1939.227679201 1.217e-03    4    5  1939.086951 0.140728
 0  1 1 1 e 12  1941.823841665 5.703e-04    6    5  1941.694933 0.128909
 0  1 1 1 f 13  1944.661469543 8.537e-04    5    5  1944.520231 0.141239
 0  1 1 1 e 14  1947.686818723 4.760e-04    6    5  1947.562842 0.123977
 0  1 1 1 f 15  1950.963664358 3.570e-04    6    5  1950.822761 0.140903
 0  1 1 1 e 16  1954.419799844 2.552e-04    4    5  1954.299985 0.119815
 0  1 1 1 f 17  1958.135157306 5.347e-04    6    5  1957.994507 0.140650
 0  1 1 1 e 18  1962.020779467 5.117e-04    6    5  1961.906325 0.114454
 0  1 1 1 f 19  1966.175890199 4.158e-04    7    5  1966.035432 0.140458
 3  0 0 0 e  2  1967.621539119 5.574e-04    1   11  1967.645221 0.023682
 3  0 0 0 e  4  1969.143660582 5.570e-04    1   12  1969.166950 0.023289
 0  1 1 1 e 20  1970.490198542 4.164e-04    7    5  1970.381822 0.108377
 3  0 0 0 e  6  1971.534560582 5.570e-04    1   12  1971.558229 0.023668
 3  0 0 0 e  8  1974.796153104 5.571e-04    2   12  1974.819044 0.022891
 0  1 1 1 f 21  1975.085402180 3.676e-04    7    5  1974.945491 0.139911
 3  0 0 0 e 10  1978.926705951 5.581e-04    2   12  1978.949375 0.022669
 0  1 1 1 e 22  1979.826963973 3.200e-04    4    5  1979.726432 0.100532
 3  0 0 0 e 12  1983.926581598 5.596e-04    2   12  1983.949200 0.022618
 0  1 1 1 f 23  1984.862670953 3.790e-04    3    5  1984.724639 0.138032
 3  0 0 0 e 14  1989.794769488 6.368e-04    2   12  1989.818490 0.023721
 0  1 1 1 e 24  1990.035192381 4.134e-03    3    5  1989.940105 0.095087
 0  1 1 1 f 25  1995.513864194 7.396e-03    2    5  1995.372823 0.141041
 3  0 0 0 e 16  1996.534363616 5.664e-04    2   12  1996.557210 0.022846
 3  0 0 0 e 18  2004.141880907 5.764e-04    1   12  2004.165323 0.023442
 3  0 0 0 e 20  2012.620934134 5.821e-04    1   12  2012.642784 0.021850
 3  0 0 0 e 22  2021.965634134 5.821e-04    1   12  2021.989545 0.023911
 3  0 0 0 e 24  2032.182702186 7.345e-04    2   12  2032.205552 0.022850
 1  0 0 1 e  1  2185.684744213 1.000e-05    9    8  2185.687608 0.002864
 1  0 0 1 e  3  2186.767304151 2.549e-05    6   11  2186.770231 0.002927
 1  0 0 1 e  5  2188.715895044 4.244e-05    8   12  2188.718948 0.003053
 1  0 0 1 e  7  2191.530631524 5.988e-05    8   12  2191.533746 0.003114
 1  0 0 1 e  9  2195.211426885 7.865e-05    9   12  2195.214612 0.003185
 1  0 0 1 e 11  2199.758254286 1.025e-04    7   12  2199.761525 0.003271
 1  0 0 1 e 13  2205.171103651 1.263e-04   10   12  2205.174461 0.003357
 1  0 0 1 e 15  2211.449891209 1.504e-04   10   12  2211.453391 0.003500
 1  0 0 1 e 17  2218.594625825 1.724e-04    9   12  2218.598282 0.003656
 1  0 0 1 e 19  2226.605261453 1.900e-04    9   12  2226.609095 0.003834
 1  0 0 1 e 21  2235.481769364 2.088e-04    7   12  2235.485787 0.004018
 1  0 0 1 e 23  2245.224115784 2.293e-04    9   12  2245.228311 0.004195
 1  0 0 1 e 25  2255.832204595 2.485e-04    9   12  2255.836615 0.004410
 0  2 2 1 f  6  2319.398433605 8.833e-04    1   11  2319.182625 0.215809
 0  2 2 1 e  7  2320.923727658 1.096e-03    1   11  2320.706447 0.217281
 0  2 2 1 f  8  2322.665809123 8.838e-04    1   11  2322.447952 0.217857
 0  2 2 1 e  9  2324.625755772 1.095e-03    2   11  2324.407139 0.218617
 0  2 2 1 f 10  2326.801830849 1.230e-03    1   11  2326.584003 0.217828
 0  2 0 1 e  5  2327.811423479 1.150e-03    2   14  2327.634958 0.176465
 0  2 2 1 e 11  2329.198773220 2.224e-03    2   11  2328.978542 0.220231
 0  2 0 1 e  7  2330.638029205 1.151e-03    1   14  2330.463363 0.174666
 0  2 0 1 e  9  2334.339429205 1.151e-03    1   14  2334.162024 0.177405
 0  2 2 1 e 13  2334.639973220 1.067e-03    2   11  2334.420633 0.219340
 0  2 0 1 e 11  2338.906538197 1.228e-03    1   14  2338.730921 0.175617
 0  2 0 1 e 13  2344.345440433 1.157e-03    1   14  2344.170032 0.175408
 0  2 0 1 e 15  2350.656152974 1.157e-03    2   14  2350.479330 0.176823
 0  2 0 1 e 17  2357.835026418 1.257e-03    1   14  2357.658783 0.176243
 0  2 0 1 e 19  2365.884011156 1.166e-03    2   14  2365.708356 0.175655
 0  2 0 1 e 21  2374.804295895 1.166e-03    1   14  2374.628007 0.176289
 0  2 0 1 e 23  2384.593599588 1.202e-03    2   14  2384.417693 0.175907
 0  2 0 1 e 25  2395.253312750 1.178e-03    2   14  2395.077365 0.175948
 1  1 1 1 f  1  2567.537056887 1.667e-04    2    2  2567.438418 0.098639
 1  1 1 1 e  2  2567.971940781 6.686e-05    6    8  2567.872652 0.099289
 1  1 1 1 f  3  2568.623606376 1.195e-04    4    8  2568.524001 0.099605
 1  1 1 1 e  4  2569.490440604 6.458e-05    5   11  2569.392466 0.097975
 1  1 1 1 f  5  2570.577589039 1.187e-04    5   11  2570.478044 0.099545
 1  1 1 1 e  6  2571.876765735 7.267e-05    5   11  2571.780735 0.096031
 1  1 1 1 f  7  2573.400052705 1.230e-04    6   11  2573.300537 0.099516
 1  1 1 1 e  8  2575.130838471 8.449e-05    4   11  2575.037447 0.093391
 1  1 1 1 f  9  2577.090982387 1.298e-04    5   11  2576.991463 0.099519
 1  1 1 1 e 10  2579.252641813 9.822e-05    6   11  2579.162582 0.090060
 1  1 1 1 f 11  2581.650288312 1.415e-04    5   11  2581.550802 0.099486
 1  1 1 1 e 12  2584.242136042 1.159e-04    4   11  2584.156119 0.086017
 1  1 1 1 f 13  2587.078114236 1.588e-04    5   11  2586.978530 0.099584
 1  1 1 1 e 14  2590.099349160 1.383e-04    5   11  2590.018030 0.081319
 1  1 1 1 f 15  2593.374073086 1.754e-04    5   11  2593.274616 0.099457
 1  1 1 1 e 16  2596.824021354 1.588e-04    4   11  2596.748283 0.075738
 1  1 1 1 f 17  2600.538206343 1.919e-04    5   11  2600.439025 0.099181
 1  1 1 1 e 18  2604.416424745 1.783e-04    4   11  2604.346839 0.069586
 1  1 1 1 f 19  2608.570601062 2.074e-04    3   11  2608.471719 0.098882
 1  1 1 1 e 20  2612.876289184 1.991e-04    4   11  2612.813658 0.062631
 1  1 1 1 f 21  2617.471434747 2.255e-04    5   11  2617.372652 0.098783
 1  1 1 1 e 22  2622.203708265 2.199e-04    5   11  2622.148693 0.055015
 1  1 1 1 f 23  2627.240390675 2.423e-04    5   11  2627.141776 0.098615
 1  1 1 1 e 24  2632.398589968 2.374e-04    6   11  2632.351892 0.046698
 1  1 1 1 f 25  2637.877466904 2.599e-04    4   11  2637.779036 0.098431
 0  3 1 1 f  3  2724.561976452 2.004e-03    3   11  2724.473439 0.088537
 0  3 1 1 e  4  2725.433348496 2.001e-03    1   14  2725.345679 0.087669
 0  3 1 1 f  5  2726.524943016 2.003e-03    2   14  2726.435977 0.088966
 0  3 1 1 e  6  2727.829827101 4.746e-03    2   14  2727.744332 0.085495
 0  3 1 1 f  7  2729.363357584 2.004e-03    1   14  2729.270742 0.092616
 0  3 1 1 e  8  2731.095927101 3.573e-03    2   14  2731.015204 0.080723
 0  3 1 1 f  9  2733.062357584 2.004e-03    2   14  2732.977717 0.084641
 0  3 1 1 e 10  2735.232727101 2.003e-03    2   14  2735.158279 0.074448
 0  3 1 1 f 11  2737.646696372 2.005e-03    4   14  2737.556885 0.089811
 0  3 1 1 e 12  2740.239618903 2.005e-03    2   14  2740.173534 0.066085
 0  3 1 1 f 13  2743.097252356 2.006e-03    2   14  2743.008221 0.089031
 0  3 1 1 e 14  2746.120271545 2.005e-03    3   14  2746.060944 0.059328
 0  3 1 1 f 15  2749.423853653 2.008e-03    2   14  2749.331697 0.092157
 0  3 1 1 e 16  2752.871835255 2.008e-03    2   14  2752.820478 0.051357
 0  3 1 1 f 17  2756.619086768 2.009e-03    2   14  2756.527281 0.091806
 0  3 1 1 e 18  2760.491906427 2.008e-03    2   14  2760.452101 0.039805
 0  3 1 1 f 19  2764.685849664 2.011e-03    3   14  2764.594934 0.090916
 0  3 1 1 e 20  2768.985763244 2.010e-03    3   14  2768.955775 0.029988
 0  3 1 1 f 21  2773.626657967 2.015e-03    2   14  2773.534616 0.092042
 0  3 1 1 e 22  2778.348810693 2.014e-03    2   14  2778.331454 0.017357
 0  3 1 1 f 23  2783.440758941 2.015e-03    4   14  2783.346280 0.094479
 0  3 1 1 e 24  2788.580873839 2.014e-03    4   14  2788.579090 0.001784
 0  3 1 1 f 25  2794.119234893 2.019e-03    2   14  2794.029876 0.089359
 2  0 0 1 e  1  2833.404007049 2.039e-04    2   13  2833.416880 0.012873
 2  0 0 1 e  3  2834.485439119 2.029e-04    4   19  2834.498088 0.012649
 2  0 0 1 e  5  2836.431660582 2.024e-04    4   22  2836.444257 0.012596
 2  0 0 1 e  7  2839.242926015 2.037e-04    4   22  2839.255376 0.012450
 2  0 0 1 e  9  2842.918780192 2.067e-04    5   22  2842.931429 0.012649
 2  0 0 1 e 11  2847.459731711 2.113e-04    4   22  2847.472396 0.012664
 2  0 0 1 e 13  2852.865531484 2.187e-04    4   22  2852.878251 0.012720
 2  0 0 1 e 15  2859.136007492 2.295e-04    4   22  2859.148965 0.012958
 2  0 0 1 e 17  2866.271119740 2.417e-04    4   22  2866.284502 0.013382
 2  0 0 1 e 19  2874.271480907 2.536e-04    4   22  2874.284823 0.013342
 2  0 0 1 e 21  2883.136334134 2.666e-04    5   22  2883.149883 0.013549
 2  0 0 1 e 23  2892.865878260 2.812e-04    4   22  2892.879634 0.013756
 2  0 0 1 e 25  2903.460026113 2.945e-04    5   22  2903.474021 0.013995
 1  2 2 1 e  3  2951.832962591 3.089e-03    2   22  2951.686194 0.146769
 1  2 2 1 f  4  2952.704101444 8.605e-04    3   22  2952.556245 0.147856
 1  2 2 1 e  5  2953.792915658 1.096e-03    1   25  2953.643806 0.149110
 1  2 2 1 f  6  2955.098088831 8.603e-04    3   21  2954.948877 0.149212
 1  2 2 1 e  7  2956.621591715 1.095e-03    2   21  2956.471454 0.150138
 1  2 2 1 f  8  2958.360647980 8.610e-04    3   21  2958.211537 0.149111
 1  2 2 1 e  9  2960.319851433 1.091e-03    3   21  2960.169122 0.150729
 1  2 0 1 e  1  2961.978973433 1.387e-03    1   15  2961.896513 0.082460
 1  2 2 1 f 10  2962.493782123 8.637e-04    3   21  2962.344207 0.149575
 1  2 2 1 e 11  2964.887588916 1.090e-03    3   21  2964.736788 0.150801
 1  2 0 1 e  5  2965.022604530 7.963e-04    2   26  2964.939291 0.083314
 1  2 2 1 f 12  2967.496721502 8.636e-04    3   21  2967.346863 0.149859
 1  2 0 1 e  7  2967.846794560 5.796e-04    3   26  2967.764712 0.082083
 1  2 2 1 e 13  2970.325072075 1.064e-03    4   21  2970.174428 0.150644
 1  2 0 1 e  9  2971.540981664 5.807e-04    3   26  2971.459470 0.081512
 1  2 2 1 f 14  2973.368898744 8.698e-04    2   21  2973.219479 0.149420
 1  2 0 1 e 11  2976.105215204 5.824e-04    2   26  2976.023545 0.081670
 1  2 2 1 e 15  2976.632234806 1.056e-03    3   21  2976.482011 0.150224
 1  2 2 1 f 16  2980.111561486 8.731e-04    4   21  2979.962020 0.149541
 1  2 0 1 e 13  2981.539302668 5.899e-04    3   26  2981.456915 0.082388
 1  2 2 1 e 17  2983.808702242 1.021e-03    3   21  2983.659501 0.149201
 1  2 2 1 f 18  2987.722792108 8.731e-04    3   21  2987.574449 0.148343
 1  2 0 1 e 15  2987.841938196 6.004e-04    2   26  2987.759551 0.082387
 1  2 2 1 e 19  2991.855286009 9.630e-04    4   21  2991.706859 0.148427
 1  2 0 1 e 17  2995.012585558 6.005e-04    4   26  2994.931422 0.081164
 1  2 2 1 f 20  2996.204282683 8.766e-04    3   21  2996.056724 0.147559
 1  2 2 1 e 21  3000.771795546 8.781e-04    4   21  3000.624039 0.147757
 1  2 0 1 e 19  3003.053811916 6.009e-04    3   26  3002.972491 0.081321
 1  2 2 1 f 22  3005.555250957 8.905e-04    2   21  3005.408797 0.146454
 1  2 2 1 e 23  3010.557436942 8.782e-04    3   21  3010.410992 0.146445
 1  2 0 1 e 21  3011.964586480 6.071e-04    3   26  3011.882717 0.081869
 1  2 2 1 f 24  3015.776258357 8.905e-04    4   21  3015.630616 0.145642
 1  2 2 1 e 25  3021.213071500 8.880e-04    3   25  3021.067420 0.145651
 1  2 0 1 e 23  3021.743733599 6.143e-04    2   26  3021.662054 0.081680
 1  2 0 1 e 25  3032.392064355 6.211e-04    2   26  3032.310452 0.081612
 0  0 0 2 e  0  3057.626544213 5.002e-04    1   47  3057.611649 0.014895
 0  0 0 2 e 20  3102.859415409 5.367e-04    2   31  3102.845805 0.013610
 0  0 0 2 e 22  3112.122415784 5.522e-04    1   31  3112.107524 0.014892
 0  0 0 2 e 24  3122.243504595 5.606e-04    1   31  3122.230599 0.012906
 0  4 0 1 e  1  3130.197653402 2.000e-04    2   18  3130.359648 0.161995
 0  4 0 1 e  3  3131.288634075 2.032e-04    2   28  3131.450591 0.161957
 0  4 0 1 e  5  3133.252032216 2.039e-04    2   32  3133.414284 0.162252
 0  4 0 1 e  7  3136.088328625 2.079e-04    2   32  3136.250717 0.162388
 0  4 0 1 e  9  3139.797408398 2.134e-04    2   32  3139.959878 0.162470
 0  4 0 1 e 11  3144.379047170 2.216e-04    2   32  3144.541750 0.162703
 0  4 0 1 e 13  3149.833523202 2.331e-04    2   32  3149.996313 0.162790
 0  4 0 1 e 15  3156.160546207 2.463e-04    2   32  3156.323542 0.162996
 0  4 0 1 e 17  3163.360332511 2.595e-04    2   32  3163.523410 0.163077
 0  4 0 1 e 19  3171.432398825 2.719e-04    2   32  3171.595883 0.163484
 0  4 0 1 e 21  3180.377162855 2.858e-04    2   32  3180.540926 0.163763
 0  4 0 1 e 23  3190.194478085 3.000e-04    2   32  3190.358499 0.164021
 2  1 1 1 e  4  3209.485757504 2.003e-03    1   19  3209.421296 0.064462
 2  1 1 1 f  5  3210.575227075 2.453e-03    2   19  3210.505902 0.069325
 2  1 1 1 e  6  3211.876319503 1.172e-04    2   19  3211.807427 0.068893
 2  1 1 1 f  7  3213.399688795 1.294e-04    1   19  3213.325867 0.073822
 2  1 1 1 e  8  3215.127201373 1.275e-04    2   19  3215.061221 0.065980
 2  1 1 1 f  9  3217.087221484 1.517e-04    1   19  3217.013486 0.073735
 2  1 1 1 e 10  3219.245929355 1.415e-04    1   19  3219.182660 0.063269
 2  1 1 1 f 11  3221.641046051 2.030e-04    2   19  3221.568739 0.072307
 2  1 1 1 e 12  3224.229769106 1.763e-04    2   19  3224.171720 0.058049
 2  1 1 1 f 13  3227.064675996 2.541e-04    3   19  3226.991599 0.073077
 2  1 1 1 e 14  3230.080943530 1.769e-04    2   19  3230.028371 0.052573
 2  1 1 1 f 15  3233.354963592 2.434e-04    1   19  3233.282034 0.072930
 2  1 1 1 e 16  3236.800169587 2.956e-04    2   19  3236.752581 0.047589
 2  1 1 1 f 17  3240.513210431 2.434e-04    2   19  3240.440008 0.073202
 2  1 1 1 e 18  3244.384940724 2.613e-04    3   19  3244.344310 0.040631
 2  1 1 1 f 19  3248.538334109 2.564e-04    2   19  3248.465481 0.072853
 2  1 1 1 e 20  3252.835128766 2.469e-04    3   19  3252.803514 0.031615
 2  1 1 1 f 21  3257.430735604 2.931e-04    2   19  3257.358404 0.072332
 2  1 1 1 e 22  3262.152865066 2.460e-04    2   19  3262.130144 0.022721
 2  1 1 1 f 23  3267.190657460 3.126e-04    2   19  3267.118727 0.071930
 2  1 1 1 e 24  3272.337641089 2.608e-04    2   19  3272.324146 0.013495
 2  1 1 1 f 25  3277.818656865 3.299e-04    2   19  3277.746394 0.072263
 0  8 0 0 e 10  3302.787000000 1.000e-01    1   38  3304.618763 1.831763
 0  8 0 0 e 12  3307.872500000 1.000e-01    2   38  3309.693717 1.821217
 0  8 0 0 e 14  3313.902000000 1.000e-01    1   38  3315.651245 1.749245
 1  3 1 1 f  3  3356.386536628 2.004e-03    2   35  3356.424052 0.037515
 1  3 1 1 e  4  3357.250054880 2.001e-03    2   41  3357.294290 0.044235
 1  3 1 1 f  5  3358.345793016 2.003e-03    2   41  3358.382086 0.036293
 1  3 1 1 e  6  3359.643011008 2.001e-03    2   41  3359.687438 0.044427
 1  3 1 1 f  7  3361.178104053 2.004e-03    4   41  3361.210345 0.032241
 1  3 1 1 e  8  3362.906816308 2.521e-03    2   41  3362.950804 0.043988
 1  3 1 1 f  9  3364.880549635 2.004e-03    2   41  3364.908813 0.028263
 1  3 1 1 e 10  3367.041000517 2.002e-03    3   41  3367.084369 0.043368
 1  3 1 1 f 11  3369.455696372 2.005e-03    2   41  3369.477470 0.021774
 1  3 1 1 e 12  3372.045446622 2.003e-03    3   41  3372.088113 0.042666
 1  3 1 1 f 13  3374.902302356 2.006e-03    2   41  3374.916294 0.013992
 1  3 1 1 e 14  3377.920045651 2.005e-03    3   41  3377.962010 0.041964
 1  3 1 1 f 15  3381.221189846 2.008e-03    3   41  3381.225256 0.004066
 1  3 1 1 e 16  3384.664637014 2.006e-03    3   41  3384.706028 0.041391
 1  3 1 1 f 17  3388.408736768 2.009e-03    2   41  3388.404322 0.004415
 1  3 1 1 e 18  3392.283303229 3.550e-03    2   41  3392.320133 0.036830
 1  3 1 1 f 19  3396.469218188 2.011e-03    3   41  3396.453457 0.015761
 1  3 3 1 e 24  3400.248451185 2.834e-03    1   22  3400.121398 0.127053
 1  3 1 1 e 20  3400.763507264 2.012e-03    2   41  3400.804286 0.040779
 1  3 1 1 f 21  3405.402950750 2.013e-03    3   41  3405.372617 0.030334
 1  3 1 1 e 22  3410.114707264 2.012e-03    2   41  3410.158443 0.043736
 1  3 1 1 f 23  3415.206187310 2.014e-03    3   24  3415.247909 0.041722
 1  3 1 1 e 24  3420.338291568 2.014e-03    3   41  3420.382555 0.044263
 1  3 1 1 f 25  3425.877526855 2.560e-03    3   24  3425.922263 0.044736
 3  0 0 1 e  1  3478.603103402 3.000e-04    2   21  3478.613436 0.010333
 3  0 0 1 e  3  3479.682934075 3.009e-04    2   33  3479.693387 0.010453
 3  0 0 1 e  5  3481.626732216 3.026e-04    2   39  3481.637292 0.010560
 3  0 0 1 e  7  3484.434528625 3.054e-04    2   39  3484.445141 0.010612
 3  0 0 1 e  9  3488.106500266 7.890e-04    3   39  3488.116916 0.010416
 3  0 0 1 e 11  3492.641630772 3.426e-04    3   39  3492.652596 0.010965
 3  0 0 1 e 13  3498.041223202 3.230e-04    2   39  3498.052154 0.010931
 3  0 0 1 e 15  3504.304496207 3.326e-04    2   39  3504.315560 0.011064
 3  0 0 1 e 17  3511.431917167 3.518e-04    3   39  3511.442776 0.010859
 3  0 0 1 e 19  3519.421811515 3.613e-04    5   25  3519.420217 0.001595
 3  0 0 1 e 21  3528.276762855 3.629e-04    2   39  3528.288468 0.011705
 0  5 1 1 e  2  3536.128354509 2.108e-04    1   37  3536.645961 0.517606
 0  5 1 1 f  3  3536.785026452 2.328e-04    2   40  3537.300806 0.515780
 0  5 1 1 e  4  3537.656157303 2.389e-04    2   47  3538.173930 0.517773
 3  0 0 1 e 23  3537.994474902 3.742e-04    5   39  3538.006846 0.012371
 0  5 1 1 f  5  3538.753266027 2.350e-04    1   48  3539.265334 0.512068
 0  5 1 1 e  6  3540.057011008 2.126e-04    2   48  3540.575015 0.518004
 0  5 1 1 f  7  3541.596457584 2.386e-04    1   48  3542.102973 0.506515
 0  5 1 1 e  8  3543.331066308 2.169e-04    2   48  3543.849205 0.518139
 0  5 1 1 f  9  3545.313641685 2.448e-04    1   48  3545.813709 0.500067
 0  5 1 1 e 10  3547.478093098 2.226e-04    2   48  3547.996482 0.518389
 3  0 0 1 e 25  3548.577054590 3.866e-04    3   39  3548.588837 0.011782
 0  5 1 1 f 11  3549.906851059 2.556e-04    1   48  3550.397522 0.490671
 0  5 1 1 e 12  3552.498223002 2.309e-04    2   48  3553.016826 0.518603
 0  5 1 1 f 13  3555.374202356 2.552e-04    2   48  3555.854391 0.480189
 0  5 1 1 e 14  3558.391371545 2.430e-04    2   48  3558.910212 0.518840
 0  5 1 1 f 15  3561.715871973 2.658e-04    2   48  3562.184287 0.468415
 0  5 1 1 e 16  3565.157529722 2.552e-04    2   48  3565.676611 0.519081
 0  5 1 1 f 17  3568.932186768 2.770e-04    2   48  3569.387179 0.454992
 0  5 1 1 e 18  3572.796556427 2.676e-04    2   48  3573.315988 0.519432
 0  5 1 1 f 19  3577.023109116 2.879e-04    2   48  3577.463031 0.439922
 0  5 1 1 e 20  3581.308513244 2.810e-04    2   48  3581.828305 0.519792
 0  5 1 1 f 21  3585.988879688 3.013e-04    2   48  3586.411803 0.422923
 0  5 1 1 e 22  3590.693177208 2.959e-04    2   48  3591.213520 0.520343
 0  5 1 1 f 23  3595.829058941 3.140e-04    2   48  3596.233450 0.404391
 2  2 0 1 e  1  3597.261753402 3.000e-04    2   23  3597.256965 0.004788
 2  2 0 1 e  3  3598.346827407 8.852e-04    3   36  3598.342541 0.004286
 2  2 0 1 e  5  3600.301203085 3.054e-04    1   42  3600.296571 0.004632
 0  5 1 1 e 24  3600.950975773 3.095e-04    2   48  3601.471586 0.520610
 2  2 0 1 e  7  3603.123478625 3.054e-04    2   42  3603.119047 0.004432
 0  5 1 1 f 25  3606.543714194 3.278e-04    2   29  3607.064491 0.520777
 2  2 0 1 e  9  3606.814187686 4.108e-04    3   42  3606.809953 0.004235
 2  2 0 1 e 11  3611.373597170 3.148e-04    2   42  3611.369269 0.004328
 2  2 0 1 e 13  3616.801029111 3.230e-04    3   42  3616.796973 0.004056
 2  2 0 1 e 15  3623.097096207 3.326e-04    2   42  3623.093035 0.004061
 2  2 0 1 e 17  3630.261232511 3.426e-04    2   42  3630.257424 0.003809
 2  2 0 1 e 19  3638.293848825 3.520e-04    2   42  3638.290101 0.003748
 2  2 0 1 e 21  3647.194532661 3.629e-04    3   42  3647.191025 0.003508
 2  2 0 1 e 23  3656.963259617 4.898e-04    4   42  3656.960150 0.003110
 2  2 0 1 e 25  3667.600551860 3.866e-04    2   42  3667.597425 0.003127
 1  4 0 1 e  3  3758.776572251 2.847e-04    1   43  3759.081586 0.305014
 1  4 0 1 e  5  3760.738642582 2.844e-04    2   51  3761.043546 0.304903
 1  4 0 1 e  7  3763.572908096 2.623e-04    3   51  3763.877477 0.304569
 1  4 0 1 e  9  3767.278229551 4.212e-04    3   51  3767.583365 0.305135
 1  4 0 1 e 11  3771.856375475 2.682e-04    2   51  3772.161194 0.304819
 1  4 0 1 e 13  3777.305722753 2.675e-04    4   51  3777.610944 0.305221
 1  4 0 1 e 15  3783.626968013 2.783e-04    4   51  3783.932589 0.305621
 1  4 0 1 e 17  3790.820304259 2.894e-04    4   51  3791.126101 0.305797
 1  4 0 1 e 19  3798.885663449 3.532e-04    4   51  3799.191448 0.305785
 1  4 0 1 e 21  3807.821867306 3.167e-04    4   51  3808.128594 0.306727
 1  4 0 1 e 23  3817.630535638 3.243e-04    4   51  3817.937497 0.306961
 1  4 0 1 e 25  3828.310916640 3.380e-04    4   51  3828.618114 0.307197
 3  1 1 1 f  1  3845.019432900 3.430e-04    1    7  3844.959290 0.060143
 3  1 1 1 e  2  3845.452566110 3.067e-04    1   21  3845.392812 0.059754
 3  1 1 1 f  3  3846.103626452 3.228e-04    2   24  3846.043093 0.060533
 3  1 1 1 e  4  3846.968607303 3.067e-04    2   32  3846.910134 0.058473
 3  1 1 1 f  5  3848.054343016 3.225e-04    2   33  3847.993932 0.060411
 3  1 1 1 e  6  3849.350348496 3.085e-04    1   33  3849.294486 0.055862
 3  1 1 1 f  7  3850.872261806 3.241e-04    2   33  3850.811793 0.060469
 3  1 1 1 e  8  3852.598616308 3.115e-04    2   33  3852.545853 0.052763
 3  1 1 1 f  9  3854.556841685 3.316e-04    1   33  3854.496661 0.060181
 3  1 1 1 e 10  3856.712293098 3.155e-04    2   33  3856.664215 0.048078
 3  1 1 1 f 11  3859.108896372 3.316e-04    2   33  3859.048512 0.060384
 3  1 1 1 e 12  3861.692373002 3.214e-04    2   33  3861.649548 0.042825
 3  1 1 1 f 13  3864.527752356 3.393e-04    2   33  3864.467319 0.060433
 3  1 1 1 e 14  3867.539121545 4.190e-04    2   33  3867.501821 0.037301
 3  1 1 1 f 15  3870.813471973 3.474e-04    2   33  3870.753048 0.060424
 3  1 1 1 e 16  3874.251229722 4.171e-04    2   33  3874.220997 0.030233
 3  1 1 1 f 17  3877.965686768 3.560e-04    2   33  3877.905661 0.060026
 3  1 1 1 e 18  3881.828756427 3.488e-04    2   33  3881.807035 0.021721
 3  1 1 1 f 19  3885.984559116 3.646e-04    2   33  3885.925114 0.059445
 3  1 1 1 e 20  3890.272913244 3.592e-04    2   33  3890.259890 0.013023
 3  1 1 1 f 21  3894.870824388 3.857e-04    1   33  3894.811357 0.059467
 3  1 1 1 e 22  3899.582605528 3.818e-04    1   33  3899.579509 0.003097
 3  1 1 1 f 23  3904.623658941 3.855e-04    2   33  3904.564337 0.059322
 3  1 1 1 e 24  3909.758475773 3.818e-04    2   33  3909.765834 0.007358
 3  1 1 1 f 25  3915.242964194 3.968e-04    2   33  3915.183993 0.058971
 1  8 0 0 e 10  3921.693000000 1.000e-01    1   58  3922.582161 0.889161
 1  8 0 0 e 12  3927.165000000 1.000e-01    1   58  3927.570116 0.405116
 0  6 2 1 e  3  3941.382988599 3.089e-03    1   37  3942.328299 0.945310
 0  6 2 1 f  4  3942.257802848 8.833e-04    2   49  3943.203558 0.945755
 0  6 2 1 f  6  3944.665171364 9.377e-04    2   56  3945.610512 0.945341
 0  6 2 1 e  7  3946.198141715 1.091e-03    2   56  3947.142202 0.944060
 0  6 2 1 f  8  3947.947619986 8.838e-04    2   56  3948.892698 0.945078
 0  6 0 1 e  1  3948.052973433 1.214e-03    1   29  3949.073548 1.020575
 0  6 0 1 e  3  3949.146549620 1.135e-03    2   47  3950.167249 1.020699
 0  6 2 1 e  9  3949.918310704 1.091e-03    1   56  3950.861997 0.943686
 0  6 0 1 e  5  3951.114928611 6.159e-04    2   57  3952.135907 1.020978
 0  6 2 1 f 10  3952.105008448 8.865e-04    2   56  3953.050095 0.945087
 0  6 0 1 e  7  3953.958031414 6.133e-04    1   57  3954.979516 1.021485
 0  6 2 1 e 11  3954.512135373 1.084e-03    1   56  3955.456988 0.944853
 0  6 2 1 f 12  3957.137352884 8.864e-04    2   56  3958.082673 0.945320
 0  6 0 1 e  9  3957.676489178 6.141e-04    2   57  3958.698063 1.021574
 0  6 2 1 e 13  3959.982273220 1.067e-03    1   56  3960.927146 0.944873
 0  6 0 1 e 11  3962.270310045 6.228e-04    1   57  3963.291537 1.021227
 0  6 2 1 f 14  3963.044631744 8.924e-04    2   56  3963.990401 0.945769
 0  6 2 1 e 15  3966.326863948 1.054e-03    1   56  3967.272433 0.945569
 0  6 0 1 e 13  3967.738590584 6.228e-04    2   57  3968.759919 1.021328
 0  6 2 1 f 16  3969.826714267 8.956e-04    2   56  3970.773238 0.946524
 0  6 2 1 e 17  3973.545876778 1.021e-03    1   56  3974.492808 0.946931
 0  6 0 1 e 15  3974.081023696 6.477e-04    2   57  3975.103192 1.022168
 1  8 0 0 e 24  3975.832000000 1.000e-01    1   58  3975.710838 0.121162
 0  6 2 1 f 18  3977.483858821 8.956e-04    2   56  3978.431138 0.947279
 0  6 0 1 e 17  3981.298467500 6.329e-04    2   57  3982.321331 1.022864
 0  6 2 1 e 19  3981.640863982 9.745e-04    2   56  3982.588222 0.947358
 0  6 2 1 f 20  3986.015735295 1.075e-03    1   56  3986.964051 0.948316
 2  3 1 1 f  3  3986.415376452 3.228e-04    2   51  3986.549866 0.134490
 2  3 1 1 e  4  3987.283766110 3.067e-04    1   60  3987.419266 0.135500
 2  3 1 1 f  5  3988.374620004 3.228e-04    1   61  3988.506015 0.131395
 0  6 0 1 e 19  3989.391191922 6.391e-04    1   57  3990.414310 1.023118
 2  3 1 1 e  6  3989.674061008 3.085e-04    2   61  3989.810110 0.136049
 0  6 2 1 e 21  3990.609851975 9.005e-04    2   56  3991.558620 0.948768
 2  3 1 1 f  7  3991.204661806 3.241e-04    2   61  3991.331549 0.126887
 2  3 1 1 e  8  3992.934166308 3.115e-04    2   61  3993.070332 0.136166
 2  3 1 1 f  9  3994.905057584 3.270e-04    1   61  3995.026454 0.121396
 0  6 2 1 f 22  3995.422843457 9.539e-04    2   56  3996.371920 0.949077
 2  3 1 1 e 10  3997.063459095 3.155e-04    1   61  3997.199915 0.136456
 0  6 0 1 e 21  3998.358480974 6.391e-04    2   57  3999.382101 1.023620
 2  3 1 1 f 11  3999.476746372 3.316e-04    2   61  3999.590710 0.113964
 0  6 2 1 e 23  4000.453686083 9.006e-04    2   56  4001.403943 0.950257
 2  3 1 1 e 12  4002.062173002 3.214e-04    2   61  4002.198837 0.136664
 2  3 1 1 f 13  4004.918452356 3.393e-04    2   61  4005.024291 0.105839
 0  6 2 1 f 24  4005.703015786 1.550e-03    2   56  4006.654681 0.951665
 2  3 1 1 e 14  4007.930671545 3.302e-04    2   61  4008.067070 0.136398
 0  6 0 1 e 23  4008.201206599 6.460e-04    2   57  4009.224671 1.023464
 0  6 2 1 e 25  4011.172919399 9.102e-04    1   56  4012.124124 0.951205
 2  3 1 1 f 15  4011.230471973 3.474e-04    2   61  4011.327169 0.096697
 2  3 1 1 e 16  4014.668229722 3.393e-04    2   61  4014.804584 0.136354
 2  3 1 1 f 17  4018.413736768 3.560e-04    2   61  4018.499310 0.085573
 0  6 0 1 e 25  4018.917904536 6.665e-04    1   57  4019.941984 1.024079
 2  3 1 1 e 18  4022.274056427 3.488e-04    2   61  4022.411342 0.137286
 2  3 1 1 f 19  4026.467209116 3.646e-04    2   61  4026.540675 0.073466
 2  3 1 1 e 20  4030.749763244 3.592e-04    2   61  4030.887303 0.137540
 2  3 1 1 f 21  4035.391429688 3.752e-04    2   61  4035.451220 0.059790
 2  3 1 1 e 22  4040.094627208 3.709e-04    2   61  4040.232421 0.137794
 2  3 1 1 f 23  4045.185958941 3.855e-04    2   61  4045.230898 0.044939
 2  3 1 1 e 24  4050.308375773 3.818e-04    2   61  4050.446645 0.138269
 2  3 1 1 f 25  4055.851264194 3.968e-04    2   37  4055.989065 0.137801
 4  0 0 1 e  1  4121.115624107 3.626e-04    1   32  4121.114206 0.001418
 4  0 0 1 e  3  4122.194398179 3.620e-04    2   51  4122.193111 0.001287
 4  0 0 1 e  5  4124.136187399 3.026e-04    4   62  4124.135133 0.001054
 4  0 0 1 e  7  4126.941346575 3.054e-04    4   62  4126.940259 0.001088
 4  0 0 1 e  9  4130.609515299 3.091e-04    4   62  4130.608472 0.001043
 4  0 0 1 e 11  4135.140741708 3.148e-04    4   62  4135.139750 0.000992
 4  0 0 1 e 13  4140.534864544 3.230e-04    4   62  4140.534064 0.000801
 4  0 0 1 e 15  4146.792034178 3.326e-04    4   62  4146.791379 0.000655
 0 10 0 0 e 10  4151.919000000 1.000e-01    1   68  4152.219478 0.300478
 4  0 0 1 e 17  4153.912089885 3.426e-04    4   62  4153.911658 0.000432
 0 10 0 0 e 12  4157.048500000 1.000e-01    2   68  4157.257272 0.208772
 1  5 1 1 e  2  4159.158957504 2.248e-04    1   54  4159.771880 0.612922
 1  5 1 1 f  3  4159.816340356 2.341e-04    1   59  4160.426161 0.609821
 1  5 1 1 e  4  4160.685657504 2.248e-04    1   70  4161.298535 0.612877
 4  0 0 1 e 19  4161.895039942 3.520e-04    4   62  4161.894855 0.000185
 3  6 2 0 e 14  4163.021000000 1.000e-01    1   68  4163.171120 0.150120
 1  5 1 1 f  7  4164.623278805 2.432e-04    1   72  4165.224197 0.600918
 1  5 1 1 e  8  4166.355773520 3.115e-04    1   72  4166.968927 0.613153
 1  5 1 1 f  9  4168.338778805 2.432e-04    1   72  4168.931740 0.592961
 1  5 1 1 e 10  4170.498717028 2.370e-04    2   72  4171.112635 0.613918
 4  0 0 1 e 21  4170.740863292 3.629e-04    4   62  4170.740921 0.000058
 1  5 1 1 e 12  4175.515509260 6.074e-04    2   72  4176.128659 0.613150
 1  5 1 1 f 13  4178.390869315 2.566e-04    2   72  4178.963781 0.572912
 4  0 0 1 e 23  4180.449030762 6.267e-04    4   62  4180.449800 0.000769
 1  5 1 1 e 14  4181.402721545 3.302e-04    2   72  4182.016972 0.614250
 1  5 1 1 f 15  4184.727025592 2.968e-04    1   72  4185.288228 0.561202
 1  5 1 1 e 16  4188.163335255 3.488e-04    1   72  4188.777544 0.614209
 4  0 0 1 e 25  4191.021015312 3.866e-04    4   62  4191.021432 0.000417
 1  5 1 1 f 17  4191.939222270 3.071e-04    1   72  4192.484918 0.545696
 1  5 1 1 e 18  4195.796306751 3.876e-04    4   72  4196.410343 0.614036
 1  5 1 1 f 19  4200.023128228 3.009e-04    2   72  4200.553814 0.530686
 1  5 1 1 e 20  4204.300940983 6.698e-04    3   72  4204.915327 0.614386
 1  5 1 1 f 21  4208.982146168 4.302e-04    4   72  4209.494876 0.512730
 1  5 1 1 e 22  4213.677106417 3.476e-04    3   72  4214.292456 0.615350
 1  5 1 1 f 23  4218.814577070 3.134e-04    4   72  4219.308059 0.493482
 3  2 2 1 f  6  4219.439009123 9.117e-04    1   53  4219.370081 0.068928
 3  2 2 1 e  7  4220.959955772 1.095e-03    1   53  4220.890690 0.069266
 1  5 1 1 e 24  4223.925301042 3.131e-04    2   72  4224.541680 0.616379
 3  2 2 1 f 10  4226.824586047 9.142e-04    1   53  4226.755847 0.068739
 3  2 2 1 e 11  4229.214573038 1.083e-03    2   53  4229.145332 0.069241
 1  5 1 1 f 25  4229.521122980 3.726e-04    3   45  4230.137941 0.616818
 3  2 0 1 e  3  4231.759224107 3.626e-04    1   55  4231.815513 0.056289
 3  2 2 1 f 12  4231.819719720 9.201e-04    1   53  4231.752027 0.067693
 3  2 2 1 e 13  4234.644854297 1.058e-03    2   53  4234.575928 0.068926
 3  2 0 1 e  7  4236.529694065 3.645e-04    2   66  4236.587006 0.057312
 3  2 2 1 f 14  4237.685081744 9.200e-04    2   53  4237.617032 0.068050
 3  2 0 1 e  9  4240.216692639 3.091e-04    4   66  4240.274037 0.057344
 3  2 2 1 e 15  4240.943818584 1.042e-03    2   53  4240.875333 0.068486
 3  2 2 1 f 16  4244.418784767 9.231e-04    1   53  4244.350827 0.067958
 3  2 0 1 e 11  4244.771411708 3.148e-04    3   66  4244.828567 0.057155
 3  2 2 1 e 17  4248.111263948 1.054e-03    1   53  4248.043507 0.067757
 3  2 0 1 e 13  4250.193393645 3.230e-04    5   66  4250.250572 0.057178
 3  2 2 1 f 18  4252.019332875 9.265e-04    1   53  4251.953369 0.065964
 3  2 0 1 e 15  4256.482784056 3.326e-04    4   66  4256.540023 0.057239
 3  2 2 1 f 20  4260.489735295 1.098e-03    1   53  4260.424611 0.065124
 3  2 0 1 e 17  4263.639335379 3.616e-04    4   66  4263.696886 0.057551
 3  2 2 1 e 21  4265.052352766 9.280e-04    1   53  4264.985979 0.066374
 3  2 2 1 f 22  4269.828651619 9.396e-04    1   53  4269.764502 0.064150
 3  2 0 1 e 19  4271.663363700 3.520e-04    5   66  4271.721125 0.057761
 3  2 2 1 f 24  4280.036079953 9.396e-04    1   53  4279.972983 0.063097
 3  2 0 1 e 21  4280.554709018 3.629e-04    5   66  4280.612696 0.057987
 3  2 2 1 e 25  4285.467057853 9.372e-04    2   64  4285.402689 0.064369
 3  2 0 1 e 23  4290.313180762 3.742e-04    4   66  4290.371553 0.058372
 3  2 0 1 e 25  4300.939284826 3.866e-04    6   66  4300.997644 0.058359
 0  7 3 1 f  9  4353.863830849 1.649e-03    1   49  4355.274753 1.410922
 0  7 3 1 f 11  4358.464202884 1.411e-03    1   49  4359.876874 1.412671
 0  7 1 1 e  2  4359.510744318 8.576e-04    1   58  4361.073401 1.562657
 0  7 1 1 f  3  4360.172640926 6.917e-04    1   64  4361.729622 1.556981
 0  7 3 1 e 12  4361.094873220 1.478e-03    1   49  4362.506637 1.411764
 0  7 1 1 e  6  4363.449423556 9.749e-04    1   79  4365.010713 1.561289
 0  7 1 1 f  7  4364.995928227 2.609e-03    1   79  4366.541883 1.545955
 0  7 1 1 e  8  4366.729523556 9.749e-04    1   79  4368.291786 1.562262
 0  7 3 1 e 14  4367.009573220 1.478e-03    1   78  4368.423549 1.413976
 0  7 1 1 f  9  4368.723145436 9.886e-04    1   79  4370.260420 1.537275
 0  7 1 1 e 10  4370.884675394 2.741e-04    2   79  4372.447783 1.563108
 0  7 1 1 f 11  4373.327645164 1.093e-03    2   79  4374.853872 1.526227
 0  7 1 1 e 12  4375.915450340 3.484e-04    2   79  4377.478685 1.563235
 0  7 1 1 f 13  4378.809713418 6.072e-04    1   79  4380.322218 1.512505
 0  7 1 1 e 14  4381.820534241 2.934e-04    2   79  4383.384468 1.563934
 0  7 1 1 f 15  4385.168483550 7.432e-04    2   79  4386.665431 1.496947
 0  7 3 1 f 19  4385.634717242 1.471e-03    1   78  4387.050386 1.415669
 0  7 1 1 e 16  4388.600812271 2.937e-04    2   79  4390.165104 1.564292
 2  4 2 1 f 12  4389.933619720 9.201e-04    1   73  4390.238577 0.304957
 0  7 1 1 f 17  4392.403889261 7.730e-04    2   79  4393.883482 1.479593
 2  4 2 1 e 13  4392.766673220 1.067e-03    1   73  4393.071811 0.305138
 0  7 3 1 f 21  4394.617258191 1.428e-03    1   78  4396.034837 1.417579
 2  4 2 1 f 14  4395.817631744 9.200e-04    2   73  4396.122963 0.305331
 0  7 1 1 e 18  4396.256049193 3.543e-04    2   79  4397.820561 1.564512
 2  4 0 1 e 11  4397.797010045 6.618e-04    1   74  4398.175223 0.378213
 0  7 3 1 e 22  4399.441451185 1.434e-03    2   78  4400.855694 1.414243
 0  7 1 1 f 19  4400.516224841 5.473e-04    1   79  4401.976336 1.460111
 2  4 2 1 f 16  4402.572084767 9.231e-04    1   73  4402.879006 0.306921
 2  4 0 1 e 13  4403.241871123 7.720e-04    1   74  4403.620009 0.378138
 0  7 3 1 f 23  4404.476504622 1.428e-03    2   78  4405.895629 1.419124
 0  7 1 1 e 20  4404.785383778 3.314e-04    2   79  4406.350802 1.565418
 2  4 2 1 e 17  4406.277520363 1.085e-03    2   73  4406.583886 0.306366
 0  7 1 1 f 21  4409.505758965 1.386e-03    1   79  4410.943955 1.438196
 2  4 0 1 e 15  4409.556476269 6.712e-04    1   74  4409.935894 0.379418
 0  7 3 1 e 24  4409.739051185 2.074e-03    2   78  4411.154637 1.415586
 2  4 2 1 f 18  4410.200684767 9.231e-04    1   73  4410.506663 0.305978
 0  7 1 1 e 22  4414.189787021 3.707e-04    1   79  4415.755788 1.566001
 2  4 2 1 e 19  4414.340251185 9.502e-04    1   73  4414.647332 0.307081
 0  7 3 1 f 25  4415.213551052 1.428e-03    1   49  4416.632717 1.419166
 2  4 0 1 e 17  4416.742967500 6.712e-04    2   74  4417.122851 0.379883
 0  7 1 1 f 23  4419.371270391 8.500e-04    1   79  4420.786296 1.415026
 2  4 2 1 e 21  4423.274651185 9.502e-04    1   73  4423.582316 0.307665
 0  7 1 1 e 24  4424.468387021 3.707e-04    1   79  4426.035473 1.567086
 2  4 2 1 f 22  4428.068335295 1.098e-03    1   73  4428.376618 0.308283
 2  4 0 1 e 21  4433.728780974 6.771e-04    2   74  4434.109842 0.381061
 2  4 0 1 e 23  4443.528570025 6.836e-04    1   74  4443.909798 0.381228
 2  4 2 1 e 25  4443.756519399 9.372e-04    1   73  4444.066669 0.310150
 2  4 0 1 e 25  4454.200273855 6.897e-04    2   74  4454.580669 0.380395
 0  0 0 3 e  1  4567.022103402 3.000e-04    2   40  4567.026647 0.004544
 0  0 0 3 e  3  4568.092634075 3.009e-04    2   67  4568.096630 0.003996
 0  0 0 3 e  5  4570.019482216 3.026e-04    2   83  4570.022591 0.003109
 0  0 0 3 e  7  4572.802328625 3.054e-04    2   83  4572.804514 0.002185
 0  0 0 3 e  9  4576.440908398 3.091e-04    2   83  4576.442381 0.001473
 0  0 0 3 e 11  4580.935297170 3.148e-04    2   83  4580.936167 0.000870
 0  0 0 3 e 13  4586.285273202 3.230e-04    2   83  4586.285843 0.000570
 0  0 0 3 e 15  4592.491346207 3.326e-04    2   83  4592.491378 0.000032
 0  0 0 3 e 17  4599.552182511 3.426e-04    2   83  4599.552736 0.000553
 0  0 0 3 e 19  4607.469148825 3.520e-04    2   83  4607.469879 0.000730
 0  0 0 3 e 21  4616.241662855 3.629e-04    2   83  4616.242762 0.001099
 0  0 0 3 e 23  4625.869878085 3.742e-04    2   83  4625.871339 0.001461
 0  0 0 3 e 25  4636.353701860 3.866e-04    2   83  4636.355559 0.001857
 1 10 0 0 e 10  4765.217000000 1.000e-01    1   98  4766.024290 0.807290
 1 10 0 0 e 12  4770.375000000 1.000e-01    2   98  4771.107154 0.732154
 1 10 0 0 e 14  4776.368000000 1.000e-01    1   98  4777.073991 0.705991
 0  1 1 3 e  2  4944.093610309 3.064e-04    2   40  4943.922850 0.170760
 0  1 1 3 f  3  4944.737076452 3.228e-04    2   48  4944.566373 0.170703
 0  1 1 3 e  4  4945.593857303 3.067e-04    2   65  4945.424403 0.169454
 0  1 1 3 f  5  4946.667643016 3.225e-04    2   70  4946.496938 0.170705
 0  1 1 3 e  6  4947.951561008 3.085e-04    2   70  4947.783977 0.167584
 0  1 1 3 f  7  4949.455966027 3.244e-04    1   70  4949.285518 0.170448
 0  1 1 3 e  8  4951.166659095 3.155e-04    1   70  4951.001559 0.165100
 0  1 1 3 f  9  4953.102499635 3.267e-04    2   70  4952.932098 0.170402
 0  1 1 3 e 10  4955.239193098 3.155e-04    2   70  4955.077132 0.162061
 0  1 1 3 f 11  4957.606946372 3.316e-04    2   70  4957.436659 0.170287
 0  1 1 3 e 12  4960.169073002 3.214e-04    2   70  4960.010674 0.158399
 0  1 1 3 f 13  4962.969252356 3.393e-04    2   70  4962.799176 0.170076
 0  1 1 3 e 14  4965.956271545 3.302e-04    2   70  4965.802159 0.154113
 0  1 1 3 f 15  4969.189371973 3.474e-04    2   70  4969.019620 0.169752
 0  1 1 3 e 16  4972.600229722 4.759e-04    2   70  4972.451554 0.148676
 0  1 1 3 f 17  4976.267286768 3.560e-04    2   70  4976.097958 0.169329
 0  1 1 3 e 18  4980.102177599 3.592e-04    1   70  4979.958825 0.143353
 0  1 1 3 f 19  4984.202909116 3.646e-04    2   70  4984.034152 0.168757
 0  1 1 3 e 20  4988.460663244 4.437e-04    2   70  4988.323931 0.136732
 0  1 1 3 f 21  4992.996479688 3.752e-04    2   70  4992.828158 0.168322
 0  1 1 3 e 22  4997.676977208 3.709e-04    2   70  4997.546827 0.130150
 0  1 1 3 f 23  5002.647808941 3.855e-04    2   70  5002.479931 0.167878
 0  1 1 3 e 24  5007.750025773 3.818e-04    2   70  5007.627463 0.122563
 0  1 1 3 f 25  5013.156764194 3.968e-04    2   70  5012.989417 0.167347
 0 12 0 0 e 14  5020.025000000 1.000e-01    1   87  5019.326529 0.698471
 0 12 0 0 e 16  5026.892500000 1.000e-01    2   87  5026.077896 0.814604
 0 12 0 0 e 18  5034.620000000 1.000e-01    1   87  5033.700287 0.919713
 0 12 0 0 e 20  5043.238000000 1.000e-01    1   87  5042.193659 1.044341
 0 12 0 0 e 22  5052.796000000 1.000e-01    2   87  5051.557962 1.238038
 0 12 0 0 e 24  5063.337000000 1.000e-01    1   87  5061.793144 1.543856
 1  0 0 3 e  1  5201.351116087 3.311e-04    3   57  5201.345194 0.005922
 1  0 0 3 e  3  5202.419884075 4.007e-04    2   95  5202.413666 0.006218
 1  0 0 3 e  5  5204.342636850 3.322e-04    4  119  5204.336912 0.005725
 1  0 0 3 e  7  5207.120755601 3.341e-04    4  119  5207.114918 0.005838
 1  0 0 3 e  9  5210.753065231 3.370e-04    4  119  5210.747672 0.005393
 1  0 0 3 e 11  5215.240256179 3.417e-04    4  119  5215.235152 0.005104
 1  0 0 3 e 13  5220.582402892 3.486e-04    3  119  5220.577334 0.005069
 1  0 0 3 e 15  5226.778962130 3.573e-04    3  119  5226.774190 0.004772
 1  0 0 3 e 17  5233.829903949 3.657e-04    4  119  5233.825684 0.004220
 1  0 0 3 e 19  5241.735503455 3.741e-04    4  119  5241.731779 0.003724
 1  0 0 3 e 21  5250.495789414 3.838e-04    4  119  5250.492432 0.003357
 1  0 0 3 e 23  5260.110379512 3.939e-04    4  119  5260.107595 0.002785
 1  0 0 3 e 25  5270.579435079 4.053e-04    4  119  5270.577214 0.002221
 0  2 2 3 e  3  5321.810388599 3.089e-03    1   96  5321.545153 0.265236
 0  2 2 3 f  4  5322.669652848 9.333e-04    2  104  5322.404645 0.265008
 0  2 2 3 e  5  5323.744458128 1.834e-03    2  121  5323.479007 0.265451
 0  2 2 3 f  6  5325.033233605 9.112e-04    1  100  5324.768239 0.264995
 0  2 2 3 f  8  5328.256709123 9.117e-04    1  100  5327.991303 0.265406
 0  2 2 3 e  9  5330.191633238 1.089e-03    2  100  5329.925131 0.266502
 0  2 0 3 e  3  5332.071418420 5.951e-04    3   97  5331.887287 0.184131
 0  2 2 3 f 10  5332.339386047 9.142e-04    1  100  5332.073820 0.265566
 0  2 0 3 e  5  5334.005103085 4.040e-04    1  122  5333.819916 0.185187
 0  2 2 3 e 11  5334.703573038 1.099e-03    2  100  5334.437365 0.266208
 0  2 0 3 e  7  5336.794334327 4.040e-04    3  122  5336.611479 0.182855
 0  2 2 3 f 12  5337.280952884 9.142e-04    2  100  5337.015766 0.265187
 0  2 2 3 e 13  5340.074773220 1.067e-03    1  100  5339.809017 0.265756
 0  2 0 3 e  9  5340.445029501 4.069e-04    3  122  5340.261960 0.183070
 0  2 2 3 f 14  5343.082081744 9.200e-04    2  100  5342.817115 0.264967
 0  2 0 3 e 11  5344.954272084 4.113e-04    3  122  5344.771343 0.182929
 0  2 2 3 e 15  5346.305418584 1.047e-03    2  100  5346.040056 0.265363
 0  2 2 3 f 16  5349.741764267 9.231e-04    2  100  5349.477835 0.263929
 0  2 0 3 e 13  5350.323065465 4.175e-04    3  122  5350.139603 0.183462
 0  2 2 3 e 17  5353.394720363 9.944e-04    2  100  5353.130449 0.264271
 0  2 0 3 e 15  5356.549141233 4.802e-04    3  122  5356.366713 0.182428
 0  2 2 3 f 18  5357.260708821 9.231e-04    2  100  5356.997891 0.262818
 0  2 2 3 e 19  5361.343363982 9.501e-04    2  100  5361.080156 0.263208
 0  2 0 3 e 17  5363.634336904 4.747e-04    4  122  5363.452643 0.181694
 0  2 2 3 f 20  5365.639684085 9.265e-04    2  100  5365.377240 0.262444
 0  2 2 3 e 21  5370.150752766 9.280e-04    1  100  5369.889136 0.261617
 0  2 0 3 e 19  5371.579199786 6.386e-04    4  122  5371.397356 0.181844
 0  2 2 3 f 22  5374.876593457 9.396e-04    2  100  5374.615838 0.260755
 0  2 2 3 e 23  5379.817736083 9.280e-04    2  100  5379.557339 0.260397
 0  2 0 3 e 21  5380.382208451 4.491e-04    4  122  5380.200811 0.181397
 0  2 2 3 f 24  5384.973551619 9.396e-04    1  100  5384.713633 0.259919
 0  2 0 3 e 23  5390.043674334 4.582e-04    4  122  5389.862965 0.180709
 0  2 2 3 e 25  5390.344057853 9.372e-04    2  121  5390.084502 0.259556
 0  2 0 3 e 25  5400.564038414 4.695e-04    3  122  5400.383768 0.180270
 1  1 1 3 e  2  5570.438166110 4.051e-04    1   55  5570.304181 0.133985
 1  1 1 3 f  3  5571.081476452 8.157e-04    2   67  5570.947093 0.134383
 1  1 1 3 e  4  5571.938466110 4.051e-04    1   91  5571.804308 0.134158
 1  1 1 3 f  5  5573.010266027 4.186e-04    1   99  5572.875824 0.134442
 1  1 1 3 e  6  5574.292773520 4.087e-04    1   99  5574.161639 0.131135
 1  1 1 3 f  7  5575.796361806 4.184e-04    2   99  5575.661753 0.134609
 1  1 1 3 e  8  5577.504366308 4.087e-04    2   99  5577.376163 0.128203
 1  1 1 3 f  9  5579.439457584 4.206e-04    1   99  5579.304866 0.134592
 1  1 1 3 e 10  5581.572643098 4.118e-04    2   99  5581.447860 0.124783
 1  1 1 3 f 11  5583.939447491 3.403e-04    2   99  5583.805142 0.134305
 1  1 1 3 e 12  5586.497523002 4.163e-04    2   99  5586.376708 0.120815
 1  1 1 3 f 13  5589.296643240 3.403e-04    3   99  5589.162555 0.134088
 1  1 1 3 e 14  5592.278367342 3.352e-04    3   99  5592.162679 0.115688
 1  1 1 3 f 15  5595.510559398 3.474e-04    4   99  5595.377075 0.133484
 1  1 1 3 e 16  5598.916325311 4.847e-04    3   99  5598.805740 0.110585
 1  1 1 3 f 17  5602.581686768 4.436e-04    2   99  5602.448668 0.133019
 1  1 1 3 e 18  5606.409964060 5.204e-04    4   99  5606.305854 0.104110
 1  1 1 3 f 19  5610.510259116 4.505e-04    2   99  5610.377293 0.132966
 1  1 1 3 e 20  5614.759120253 4.074e-04    3   99  5614.662979 0.096141
 2 10 0 0 e 10  5615.617000000 1.000e-01    1  152  5615.170030 0.446970
 1  1 1 3 f 21  5619.294978034 3.747e-04    4   99  5619.162906 0.132072
 2 10 0 0 e 12  5620.645000000 1.000e-01    2  152  5620.263609 0.381391
 1  1 1 3 e 22  5623.964748888 4.556e-04    1   99  5623.877067 0.087682
 2 10 0 0 e 14  5626.574000000 1.000e-01    1  152  5626.243055 0.330945
 1  1 1 3 f 23  5628.937334931 3.965e-04    3   99  5628.805456 0.131879
 1  1 1 3 e 24  5634.027797415 5.118e-04    4   99  5633.948067 0.079730
 1  1 1 3 f 25  5639.436328242 3.965e-04    3   99  5639.304891 0.131437
 2 10 0 0 e 20  5649.769000000 1.000e-01    1  152  5649.496718 0.272282
 2 10 0 0 e 22  5659.348500000 1.000e-01    2  152  5659.019769 0.328731
 2 10 0 0 e 24  5669.732000000 1.000e-01    1  152  5669.428766 0.303234
 0  3 3 3 e 10  5709.867283238 1.999e-03    1  104  5709.605419 0.261864
 0  3 3 3 e 14  5720.633673220 1.454e-03    1  154  5720.370542 0.263131
 0  3 1 3 e  6  5721.462623556 9.749e-04    1  106  5721.408855 0.053769
 0  3 1 3 e 12  5733.714858647 4.295e-04    1  106  5733.676604 0.038255
 0  3 1 3 f 13  5736.533144893 1.504e-03    1  106  5736.474469 0.058676
 0  3 3 3 f 19  5738.930396453 1.476e-03    2  154  5738.670687 0.259709
 0  3 3 3 e 20  5743.238351185 1.409e-03    1  104  5742.976501 0.261850
 0  3 3 3 e 22  5752.496551185 1.409e-03    1  104  5752.233868 0.262683
 0  3 1 3 e 18  5753.702598092 4.612e-04    1  106  5753.691750 0.010848
 0  3 3 3 f 23  5757.443651052 1.403e-03    1  104  5757.185409 0.258242
 0  3 1 3 f 19  5757.838358965 1.386e-03    1  106  5757.780766 0.057593
 0  3 1 3 e 20  5762.085033778 3.998e-04    2  106  5762.084956 0.000078
 0  3 3 3 e 24  5762.613151185 2.668e-03    1  104  5762.352179 0.260972
 0  3 1 3 f 21  5766.661570391 8.500e-04    1  106  5766.604316 0.057254
 0  3 3 3 f 25  5767.988645775 1.406e-03    1  104  5767.734172 0.254474
 0  3 1 3 e 22  5771.325667263 4.000e-04    1  106  5771.338839 0.013172
 0  3 1 3 f 23  5776.344670391 8.500e-04    1  106  5776.288519 0.056151
 0  3 1 3 f 25  5786.889948865 6.010e-04    1  106  5786.833324 0.056625
 2  0 0 3 e  9  5842.476872200 5.265e-04    2  163  5842.459760 0.017112
 2  0 0 3 e 11  5846.959644231 4.560e-04    1  163  5846.941655 0.017989
 2  0 0 3 e 13  5852.294744231 4.560e-04    1  163  5852.277186 0.017558
 2  0 0 3 e 15  5858.483276754 4.675e-04    1  163  5858.466322 0.016955
 2  0 0 3 e 17  5865.525417763 4.737e-04    1  163  5865.509028 0.016390
 2  0 0 3 e 19  5873.420917763 4.737e-04    1  163  5873.405264 0.015654
 2  0 0 3 e 21  5882.170413729 4.806e-04    2  163  5882.154984 0.015430
 2  0 0 3 e 23  5891.773083777 4.968e-04    1  163  5891.758139 0.014945
 2  0 0 3 e 25  5902.229373750 5.052e-04    1  163  5902.214674 0.014700
 0  4 0 3 e  5  6113.272232216 2.600e-02    2  183  6114.914758 1.642526
 0  4 0 3 e  7  6116.072528625 2.600e-02    2  183  6117.714417 1.641888
 0  4 0 3 e  9  6119.670862632 2.600e-02    1  183  6121.375488 1.704625
 0  4 0 3 e 13  6129.700031708 2.600e-02    1  183  6131.281798 1.581766
 0  4 0 3 e 15  6135.830177718 2.600e-02    1  183  6137.526991 1.696813
 0  4 0 3 e 17  6143.009932511 5.495e-02    2  183  6144.633506 1.623573
 0  4 0 3 e 19  6150.913810347 2.600e-02    1  183  6152.601309 1.687499
 0  4 0 3 e 21  6159.851112855 5.664e-02    2  183  6161.430366 1.579253
 0  4 0 3 e 23  6169.511928085 6.121e-02    2  183  6171.120635 1.608707
 0  4 0 3 e 25  6179.985762914 2.600e-02    1  183  6181.672071 1.686308
 0  1 1 4 e 11  6443.901031708 8.001e-03    1  176  6444.460580 0.559548
 0  1 1 4 e 13  6449.229414696 8.001e-03    1  176  6449.901024 0.671609
 3  0 0 3 e  1  6462.069753402 8.000e-03    2   99  6462.026710 0.043043
 0  1 1 4 e 17  6462.457232511 8.002e-03    2  213  6463.393058 0.935825
 2  2 0 3 e  3  6463.103561347 8.000e-03    1  170  6463.092733 0.010828
 3  0 0 3 e  3  6463.130384075 8.000e-03    2  170  6463.092733 0.037651
 3  0 0 3 e  5  6465.047085412 5.000e-03    3  219  6465.011569 0.035516
 2  2 0 3 e  7  6467.779554164 8.000e-03    1  219  6467.783205 0.003651
 3  0 0 3 e  7  6467.812621883 5.000e-03    4  219  6467.783205 0.029417
 0  1 1 4 e 19  6470.339698825 8.002e-03    2  213  6471.444579 1.104880
 2  2 0 3 e  9  6471.410558398 8.000e-03    2  219  6471.407625 0.002933
 3  0 0 3 e  9  6471.440160645 5.001e-03    4  219  6471.407625 0.032536
 2  2 0 3 e 11  6475.879797170 8.940e-03    2  219  6475.884812 0.005015
 3  0 0 3 e 11  6475.922447732 5.001e-03    4  219  6475.884812 0.037636
 0  1 1 4 e 21  6479.085910347 8.003e-03    1  213  6480.366385 1.280475
 2  2 0 3 e 13  6481.215973202 8.001e-03    2  218  6481.214716 0.001257
 3  0 0 3 e 13  6481.253952977 5.001e-03    4  218  6481.214716 0.039237
 2  2 0 3 e 15  6487.396596207 8.001e-03    2  218  6487.397334 0.000738
 3  0 0 3 e 15  6487.433756881 5.002e-03    4  218  6487.397334 0.036423
 0  1 1 4 e 23  6488.693928085 8.457e-03    2  213  6490.158433 1.464505
 2  2 0 3 e 17  6494.435732511 8.002e-03    2  218  6494.432615 0.003118
 3  0 0 3 e 17  6494.468687715 5.003e-03    3  218  6494.432615 0.036073
 0  1 1 4 e 25  6499.130940807 8.004e-03    1  213  6500.820681 1.689740
 2  2 0 3 e 19  6502.319798825 8.002e-03    2  218  6502.320517 0.000718
 3  0 0 3 e 19  6502.358605515 5.003e-03    3  218  6502.320517 0.038089
 2  2 0 3 e 21  6511.062062855 8.003e-03    2  218  6511.060992 0.001071
 3  0 0 3 e 21  6511.097331395 5.004e-03    4  218  6511.060992 0.036339
 2  2 0 3 e 23  6520.651078085 8.003e-03    2  218  6520.653988 0.002910
 3  0 0 3 e 23  6520.687439321 5.005e-03    4  218  6520.653988 0.033451
 2  2 0 3 e 25  6531.093451860 8.004e-03    2  218  6531.099445 0.005993
 3  0 0 3 e 25  6531.133626579 5.006e-03    4  155  6531.145674 0.012047
 0 16 0 0 e  2  6731.657000000 1.000e-01    1  167  6731.421628 0.235372
 0 16 0 0 e  4  6733.052500000 1.000e-01    2  233  6732.977990 0.074510
 0 16 0 0 e  6  6735.356000000 1.000e-01    2  249  6735.423718 0.067718
 0 16 0 0 e  8  6738.616000000 1.000e-01    2  249  6738.758833 0.142833
 0 16 0 0 e 10  6742.780500000 1.000e-01    2  249  6742.983363 0.202863
 0 16 0 0 e 12  6747.831000000 1.000e-01    2  249  6748.097344 0.266344
 0 16 0 0 e 14  6753.797000000 1.000e-01    2  249  6754.100821 0.303821
 0 16 0 0 e 16  6760.671500000 1.000e-01    2  249  6760.993846 0.322346
 0 16 0 0 e 18  6768.412000000 1.000e-01    1  249  6768.776477 0.364477
 0 16 0 0 e 20  6777.293000000 1.000e-01    1  249  6777.448782 0.155782
 0 16 0 0 e 22  6786.671500000 1.000e-01    2  249  6787.010834 0.339334
 0 16 0 0 e 24  6797.042000000 1.000e-01    1  242  6796.687441 0.354559
 0 18 0 0 e 10  7618.141000000 1.000e-01    1  342  7614.595644 3.545356
 0 18 0 0 e 12  7623.227000000 1.000e-01    2  282  7620.039997 3.187003
 0 18 0 0 e 14  7629.293000000 1.000e-01    1  342  7626.430492 2.862508
 5 10 0 0 e 10  7672.386000000 1.000e-01    1  289  7671.789586 0.596414
 5 10 0 0 e 12  7677.448000000 1.000e-01    2  289  7676.818531 0.629469
 5 10 0 0 e 14  7683.390000000 1.000e-01    1  360  7682.823304 0.566696
 1 18 0 0 e 10  7930.879000000 1.000e-01    1  315  7931.332889 0.453889
 1 18 0 0 e 12  7935.976500000 1.000e-01    2  315  7936.860109 0.883609
 1 18 0 0 e 14  7941.975000000 1.000e-01    1  383  7943.347722 1.372722
 2 16 0 0 e 10  8206.241000000 1.000e-01    1  350  8204.871716 1.369284
 2 16 0 0 e 12  8211.346500000 1.000e-01    2  350  8209.963141 1.383359
 2 16 0 0 e 14  8217.346000000 1.000e-01    1  350  8215.939979 1.406021
 6 10 0 0 e 10  8271.686000000 1.000e-01    1  358  8271.217057 0.468943
 6 10 0 0 e 12  8276.756500000 1.000e-01    2  358  8276.215967 0.540533
 6 10 0 0 e 14  8282.689000000 1.000e-01    1  358  8282.084190 0.604810
 0 20 0 0 e 12  8503.416000000 1.000e-01    1  353  8501.211255 2.204745
 0 20 0 0 e 14  8509.409000000 1.000e-01    2  484  8507.046277 2.362723
 0 20 0 0 e 16  8516.341000000 1.000e-01    1  353  8513.745664 2.595336
 4 14 0 0 e 12  8530.042000000 1.000e-01    1  390  8531.516563 1.474563
 4 14 0 0 e 14  8536.043500000 1.000e-01    2  473  8538.015757 1.972257
 4 14 0 0 e 16  8542.937000000 1.000e-01    1  390  8545.476511 2.539511
 1 20 0 0 e 12  8799.492000000 1.000e-01    1  520  8800.363424 0.871424
 1 20 0 0 e 14  8805.486500000 1.000e-01    2  520  8806.646393 1.159893
 2 18 0 0 e 16  8812.405000000 1.000e-01    1  520  8813.859613 1.454613
 6 12 0 0 e 10  9118.838000000 1.000e-01    1  578  9118.601385 0.236615
 6 12 0 0 e 12  9123.905500000 1.000e-01    2  578  9124.149486 0.243986
 6 12 0 0 e 14  9129.849000000 1.000e-01    1  578  9130.661389 0.812389
 0 22 0 0 e 10  9384.839000000 1.000e-01    1  517  9384.605136 0.233864
 0 22 0 0 e 12  9389.967000000 1.000e-01    2  517  9389.441176 0.525824
 0 22 0 0 e 14  9395.947000000 1.000e-01    1  517  9395.118201 0.828799
 1 22 0 0 e 10  9662.905000000 1.000e-01    1  699  9662.611013 0.293987
 1 22 0 0 e 12  9668.072000000 1.000e-01    2  699  9667.674230 0.397770
 1 22 0 0 e 14  9674.035000000 1.000e-01    1  699  9673.618039 0.416961
 2 20 0 0 e 12  9963.419000000 1.000e-01    2  564  9958.541044 4.877956
 2 20 0 0 e 14  9969.461000000 1.000e-01    1  757  9964.347566 5.113434
 5 16 0 0 e 10 10245.630000000 1.000e-01    1  830 10245.414447 0.215553
 5 16 0 0 e 12 10250.730500000 1.000e-01    2  830 10250.288405 0.442095
 5 16 0 0 e 14 10256.706000000 1.000e-01    1  830 10256.223516 0.482484
 0 24 0 0 e 10 10271.508000000 1.000e-01    1  622 10270.266332 1.241668
 0 24 0 0 e 12 10276.635500000 1.000e-01    2  833 10275.336230 1.299270
 0 24 0 0 e 14 10282.679000000 1.000e-01    1  833 10281.287897 1.391103
15  2 0 0 e 10 10306.151000000 1.000e-01    1  842 10305.728313 0.422687
11 10 0 0 e 12 10311.262000000 1.000e-01    2  842 10311.337222 0.075222
12  8 0 0 e 14 10317.215000000 1.000e-01    1  842 10317.919212 0.704212
 1 24 0 0 e  8 10531.095000000 1.000e-01    1  883 10531.969464 0.874464
 1 24 0 0 e 10 10535.349000000 1.000e-01    2  672 10534.255364 1.093636
 1 24 0 0 e 12 10540.472000000 1.000e-01    1  672 10539.184317 1.287683
 3 22 0 0 e 10 10560.927000000 1.000e-01    2  677 10561.089490 0.162490
 3 22 0 0 e 12 10566.040000000 1.000e-01    1  677 10566.559058 0.519058
 2 22 0 0 e  2 10831.692000000 1.000e-01    1  595 10831.019594 0.672406
 2 22 0 0 e  4 10833.133000000 1.000e-01    2  881 10832.548652 0.584348
 2 22 0 0 e  6 10835.596500000 1.000e-01    2  978 10834.951463 0.645037
 2 22 0 0 e  8 10838.908000000 1.000e-01    2  978 10838.228031 0.679969
 2 22 0 0 e 10 10843.226500000 1.000e-01    2  978 10842.378367 0.848133
 2 22 0 0 e 12 10848.364500000 1.000e-01    2  978 10847.402481 0.962019
 8 16 2 0 e 14 10854.339500000 1.000e-01    2  965 10853.517874 0.821626
 2 22 0 0 e 16 10861.322000000 1.000e-01    2  965 10861.095901 0.226099
 2 22 0 0 e 18 10869.060000000 1.000e-01    2  965 10869.646787 0.586787
 2 22 0 0 e 20 10877.797000000 1.000e-01    2  796 10878.413066 0.616066
 1 24 0 0 e 22 10887.426500000 1.000e-01    2  796 10887.760378 0.333878
 2 22 0 0 e 24 10897.835500000 1.000e-01    2  965 10897.980724 0.145224
 5 18 0 0 e 10 11112.688000000 1.000e-01    1 1035 11112.031520 0.656480
 5 18 0 0 e 12 11117.812000000 1.000e-01    2 1035 11116.969359 0.842641
16  2 2 0 e 14 11123.854000000 1.000e-01    1 1035 11122.765909 1.088091
 4 22 0 0 e 10 11149.438000000 1.000e-01    1 1045 11149.183298 0.254702
 4 22 0 0 e 12 11154.520000000 1.000e-01    2 1045 11154.853873 0.333873
 4 22 0 0 e 14 11160.494000000 1.000e-01    1 1045 11161.394761 0.900761
 0 26 0 0 e 10 11163.163000000 1.000e-01    1  804 11163.288497 0.125497
 0 26 0 0 e 12 11168.310500000 1.000e-01    2 1049 11168.288117 0.022383
 0 26 0 0 e 14 11174.348000000 1.000e-01    1 1063 11174.330387 0.017613
 3 24 0 0 e 12 11411.685000000 1.000e-01    1 1119 11410.993540 0.691460
 3 24 0 0 e 14 11417.757000000 1.000e-01    2 1119 11416.822342 0.934658
 1 26 0 0 e 10 11419.233000000 1.000e-01    1 1139 11419.753830 0.520830
 1 26 0 0 e 12 11424.354500000 1.000e-01    2 1139 11424.780128 0.425628
 3 24 0 0 e 16 11424.650500000 1.000e-01    2 1119 11423.515119 1.135381
 1 26 0 0 e 14 11430.403000000 1.000e-01    2  863 11430.431635 0.028635
 2 24 0 0 e 16 11437.279500000 1.000e-01    2 1138 11437.454983 0.175483
 3 24 0 0 e 20 11441.108000000 1.000e-01    1 1119 11439.493412 1.614588
 1 26 0 0 e 18 11445.058000000 1.000e-01    2 1138 11445.103548 0.045548
 3 24 0 0 e 22 11450.769000000 1.000e-01    1  923 11452.233738 1.464738
 1 26 0 0 e 20 11453.818500000 1.000e-01    2  863 11453.626278 0.192222
 3 24 0 0 e 24 11461.175000000 1.000e-01    1 1120 11462.297827 1.122827
 1 26 0 0 e 22 11463.404000000 1.000e-01    2 1125 11463.255249 0.148751
 1 26 0 0 e 24 11473.738000000 1.000e-01    1  863 11473.294615 0.443385
 6 18 0 0 e 10 11690.200000000 1.000e-01    1  927 11690.291233 0.091233
 6 18 0 0 e 12 11695.335000000 1.000e-01    1 1221 11695.947571 0.612571
 9 14 2 0 e 10 11728.449000000 1.000e-01    1 1006 11726.673563 1.775437
 9 14 2 0 e 12 11733.571000000 1.000e-01    2 1006 11731.594088 1.976912
 9 14 2 0 e 14 11739.623000000 1.000e-01    1 1006 11737.372300 2.250700